Contents of machinefile:
----------------------------------------------------------------------
unable to open (or read) hostsfile /u/mourits/code/oss/examples/01_standard/machinefile
 
ldd libflow2d3d.so: start
	linux-vdso.so.1 =>  (0x00007fffcd914000)
	libDelftOnline.so.0 => /part0/u/mourits/code/oss/src/lib/libDelftOnline.so.0 (0x00002b8acad8e000)
	libifport.so.5 => ../../bin/lnx/flow2d3d/bin/libifport.so.5 (0x00002b8acafaa000)
	libifcoremt.so.5 => ../../bin/lnx/flow2d3d/bin/libifcoremt.so.5 (0x00002b8acb0e3000)
	libirc.so => ../../bin/lnx/flow2d3d/bin/libirc.so (0x00002b8acb389000)
	libpthread.so.0 => /lib64/libpthread.so.0 (0x00002b8acb4ec000)
	librt.so.1 => /lib64/librt.so.1 (0x00002b8acb707000)
	libexpat.so.0 => /lib64/libexpat.so.0 (0x00002b8acb910000)
	libimf.so => ../../bin/lnx/flow2d3d/bin/libimf.so (0x00002b8acbb33000)
	libsvml.so => ../../bin/lnx/flow2d3d/bin/libsvml.so (0x00002b8acbec7000)
	libstdc++.so.6 => /usr/lib64/libstdc++.so.6 (0x00002b8acc0dd000)
	libm.so.6 => /lib64/libm.so.6 (0x00002b8acc3de000)
	libintlc.so.5 => ../../bin/lnx/flow2d3d/bin/libintlc.so.5 (0x00002b8acc661000)
	libgcc_s.so.1 => /opt/gcc-4.6.2/lib/../lib64/libgcc_s.so.1 (0x00002b8acc79f000)
	libdl.so.2 => /lib64/libdl.so.2 (0x00002b8acc9b5000)
	libc.so.6 => /lib64/libc.so.6 (0x00002b8accbb9000)
	/lib64/ld-linux-x86-64.so.2 (0x000000382cc00000)
ldd libflow2d3d.so: end
 
MPI process number 001 has host unknown and is running on processor devux64
MPI process number 002 has host unknown and is running on processor devux64
MPI process number 000 has host unknown and is running on processor devux64
--------------------------------------------------------------------------------
       Deltares, FLOW2D3D Version 6.01.00.2598, Jun 18 2013, 17:13:19
       libflow2d3d.so entry Flow2D3D::Run
--------------------------------------------------------------------------------

Part I    - Initialisation Time Dep. Data module...    
            runid : f34
Part II   - Creating intermediate files...             
Part III  - Initialisation of the Execution module...  
Part IV   - Reading complete MD-file...                     
Part V    - Initialisation & checking input...              
Part VI   - Initialisation & checking second part...        
Part VII  - Initialisation output...                        
Part VIII - Start Simulation...                             
 
  Time to finish   0s,    0.0% completed, time steps left  300
  Time to finish   7s,    0.3% completed, time steps left  299
  Time to finish   8s,    0.7% completed, time steps left  298
  Time to finish   8s,    1.0% completed, time steps left  297
  Time to finish   7s,    1.3% completed, time steps left  296
  Time to finish   7s,    1.7% completed, time steps left  295
  Time to finish   7s,    2.0% completed, time steps left  294
  Time to finish   7s,    2.3% completed, time steps left  293
  Time to finish   7s,    2.7% completed, time steps left  292
  Time to finish   7s,    3.0% completed, time steps left  291
  Time to finish   7s,    3.3% completed, time steps left  290
  Time to finish   7s,    3.7% completed, time steps left  289
  Time to finish   7s,    4.0% completed, time steps left  288
  Time to finish   7s,    4.3% completed, time steps left  287
  Time to finish   7s,    4.7% completed, time steps left  286
  Time to finish   7s,    5.0% completed, time steps left  285
  Time to finish   7s,    5.3% completed, time steps left  284
  Time to finish   7s,    5.7% completed, time steps left  283
  Time to finish   7s,    6.0% completed, time steps left  282
  Time to finish   7s,    6.3% completed, time steps left  281
  Time to finish   7s,    6.7% completed, time steps left  280
  Time to finish   7s,    7.0% completed, time steps left  279
  Time to finish   7s,    7.3% completed, time steps left  278
  Time to finish   7s,    7.7% completed, time steps left  277
  Time to finish   7s,    8.0% completed, time steps left  276
  Time to finish   7s,    8.3% completed, time steps left  275
  Time to finish   7s,    8.7% completed, time steps left  274
  Time to finish   7s,    9.0% completed, time steps left  273
  Time to finish   7s,    9.3% completed, time steps left  272
  Time to finish   7s,    9.7% completed, time steps left  271
  Time to finish   7s,   10.0% completed, time steps left  270
  Time to finish   7s,   10.3% completed, time steps left  269
  Time to finish   7s,   10.7% completed, time steps left  268
  Time to finish   7s,   11.0% completed, time steps left  267
  Time to finish   7s,   11.3% completed, time steps left  266
  Time to finish   6s,   11.7% completed, time steps left  265
  Time to finish   6s,   12.0% completed, time steps left  264
  Time to finish   6s,   12.3% completed, time steps left  263
  Time to finish   6s,   12.7% completed, time steps left  262
  Time to finish   6s,   13.0% completed, time steps left  261
  Time to finish   6s,   13.3% completed, time steps left  260
  Time to finish   6s,   13.7% completed, time steps left  259
  Time to finish   6s,   14.0% completed, time steps left  258
  Time to finish   6s,   14.3% completed, time steps left  257
  Time to finish   6s,   14.7% completed, time steps left  256
  Time to finish   6s,   15.0% completed, time steps left  255
  Time to finish   6s,   15.3% completed, time steps left  254
  Time to finish   6s,   15.7% completed, time steps left  253
  Time to finish   6s,   16.0% completed, time steps left  252
  Time to finish   6s,   16.3% completed, time steps left  251
  Time to finish   6s,   16.7% completed, time steps left  250
  Time to finish   6s,   17.0% completed, time steps left  249
  Time to finish   6s,   17.3% completed, time steps left  248
  Time to finish   6s,   17.7% completed, time steps left  247
  Time to finish   6s,   18.0% completed, time steps left  246
  Time to finish   6s,   18.3% completed, time steps left  245
  Time to finish   6s,   18.7% completed, time steps left  244
  Time to finish   6s,   19.0% completed, time steps left  243
  Time to finish   6s,   19.3% completed, time steps left  242
  Time to finish   6s,   19.7% completed, time steps left  241
  Time to finish   6s,   20.0% completed, time steps left  240
  Time to finish   6s,   20.3% completed, time steps left  239
  Time to finish   6s,   20.7% completed, time steps left  238
  Time to finish   6s,   21.0% completed, time steps left  237
  Time to finish   6s,   21.3% completed, time steps left  236
  Time to finish   5s,   21.7% completed, time steps left  235
  Time to finish   5s,   22.0% completed, time steps left  234
  Time to finish   5s,   22.3% completed, time steps left  233
  Time to finish   5s,   22.7% completed, time steps left  232
  Time to finish   5s,   23.0% completed, time steps left  231
  Time to finish   5s,   23.3% completed, time steps left  230
  Time to finish   5s,   23.7% completed, time steps left  229
  Time to finish   5s,   24.0% completed, time steps left  228
  Time to finish   5s,   24.3% completed, time steps left  227
  Time to finish   5s,   24.7% completed, time steps left  226
  Time to finish   5s,   25.0% completed, time steps left  225
  Time to finish   5s,   25.3% completed, time steps left  224
  Time to finish   5s,   25.7% completed, time steps left  223
  Time to finish   5s,   26.0% completed, time steps left  222
  Time to finish   5s,   26.3% completed, time steps left  221
  Time to finish   5s,   26.7% completed, time steps left  220
  Time to finish   5s,   27.0% completed, time steps left  219
  Time to finish   5s,   27.3% completed, time steps left  218
  Time to finish   5s,   27.7% completed, time steps left  217
  Time to finish   5s,   28.0% completed, time steps left  216
  Time to finish   5s,   28.3% completed, time steps left  215
  Time to finish   5s,   28.7% completed, time steps left  214
  Time to finish   5s,   29.0% completed, time steps left  213
  Time to finish   5s,   29.3% completed, time steps left  212
  Time to finish   4s,   29.7% completed, time steps left  211
  Time to finish   4s,   30.0% completed, time steps left  210
  Time to finish   4s,   30.3% completed, time steps left  209
  Time to finish   4s,   30.7% completed, time steps left  208
  Time to finish   4s,   31.0% completed, time steps left  207
  Time to finish   4s,   31.3% completed, time steps left  206
  Time to finish   4s,   31.7% completed, time steps left  205
  Time to finish   4s,   32.0% completed, time steps left  204
  Time to finish   4s,   32.3% completed, time steps left  203
  Time to finish   4s,   32.7% completed, time steps left  202
  Time to finish   4s,   33.0% completed, time steps left  201
  Time to finish   4s,   33.3% completed, time steps left  200
  Time to finish   4s,   33.7% completed, time steps left  199
  Time to finish   4s,   34.0% completed, time steps left  198
  Time to finish   4s,   34.3% completed, time steps left  197
  Time to finish   4s,   34.7% completed, time steps left  196
  Time to finish   4s,   35.0% completed, time steps left  195
  Time to finish   4s,   35.3% completed, time steps left  194
  Time to finish   4s,   35.7% completed, time steps left  193
  Time to finish   4s,   36.0% completed, time steps left  192
  Time to finish   4s,   36.3% completed, time steps left  191
  Time to finish   4s,   36.7% completed, time steps left  190
  Time to finish   4s,   37.0% completed, time steps left  189
  Time to finish   4s,   37.3% completed, time steps left  188
  Time to finish   4s,   37.7% completed, time steps left  187
  Time to finish   4s,   38.0% completed, time steps left  186
  Time to finish   4s,   38.3% completed, time steps left  185
  Time to finish   4s,   38.7% completed, time steps left  184
  Time to finish   4s,   39.0% completed, time steps left  183
  Time to finish   3s,   39.3% completed, time steps left  182
  Time to finish   3s,   39.7% completed, time steps left  181
  Time to finish   3s,   40.0% completed, time steps left  180
  Time to finish   3s,   40.3% completed, time steps left  179
  Time to finish   3s,   40.7% completed, time steps left  178
  Time to finish   3s,   41.0% completed, time steps left  177
  Time to finish   3s,   41.3% completed, time steps left  176
  Time to finish   3s,   41.7% completed, time steps left  175
  Time to finish   3s,   42.0% completed, time steps left  174
  Time to finish   3s,   42.3% completed, time steps left  173
  Time to finish   3s,   42.7% completed, time steps left  172
  Time to finish   3s,   43.0% completed, time steps left  171
  Time to finish   3s,   43.3% completed, time steps left  170
  Time to finish   3s,   43.7% completed, time steps left  169
  Time to finish   3s,   44.0% completed, time steps left  168
  Time to finish   3s,   44.3% completed, time steps left  167
  Time to finish   3s,   44.7% completed, time steps left  166
  Time to finish   3s,   45.0% completed, time steps left  165
  Time to finish   3s,   45.3% completed, time steps left  164
  Time to finish   3s,   45.7% completed, time steps left  163
  Time to finish   3s,   46.0% completed, time steps left  162
  Time to finish   3s,   46.3% completed, time steps left  161
  Time to finish   3s,   46.7% completed, time steps left  160
  Time to finish   3s,   47.0% completed, time steps left  159
  Time to finish   3s,   47.3% completed, time steps left  158
  Time to finish   3s,   47.7% completed, time steps left  157
  Time to finish   3s,   48.0% completed, time steps left  156
  Time to finish   3s,   48.3% completed, time steps left  155
  Time to finish   3s,   48.7% completed, time steps left  154
  Time to finish   3s,   49.0% completed, time steps left  153
  Time to finish   3s,   49.3% completed, time steps left  152
  Time to finish   3s,   49.7% completed, time steps left  151
  Time to finish   3s,   50.0% completed, time steps left  150
  Time to finish   3s,   50.3% completed, time steps left  149
  Time to finish   3s,   50.7% completed, time steps left  148
  Time to finish   3s,   51.0% completed, time steps left  147
  Time to finish   3s,   51.3% completed, time steps left  146
  Time to finish   3s,   51.7% completed, time steps left  145
  Time to finish   3s,   52.0% completed, time steps left  144
  Time to finish   3s,   52.3% completed, time steps left  143
  Time to finish   3s,   52.7% completed, time steps left  142
  Time to finish   2s,   53.0% completed, time steps left  141
  Time to finish   2s,   53.3% completed, time steps left  140
  Time to finish   2s,   53.7% completed, time steps left  139
  Time to finish   2s,   54.0% completed, time steps left  138
  Time to finish   2s,   54.3% completed, time steps left  137
  Time to finish   2s,   54.7% completed, time steps left  136
  Time to finish   2s,   55.0% completed, time steps left  135
  Time to finish   2s,   55.3% completed, time steps left  134
  Time to finish   2s,   55.7% completed, time steps left  133
  Time to finish   2s,   56.0% completed, time steps left  132
  Time to finish   2s,   56.3% completed, time steps left  131
  Time to finish   2s,   56.7% completed, time steps left  130
  Time to finish   2s,   57.0% completed, time steps left  129
  Time to finish   2s,   57.3% completed, time steps left  128
  Time to finish   2s,   57.7% completed, time steps left  127
  Time to finish   2s,   58.0% completed, time steps left  126
  Time to finish   2s,   58.3% completed, time steps left  125
  Time to finish   2s,   58.7% completed, time steps left  124
  Time to finish   2s,   59.0% completed, time steps left  123
  Time to finish   2s,   59.3% completed, time steps left  122
  Time to finish   2s,   59.7% completed, time steps left  121
  Time to finish   2s,   60.0% completed, time steps left  120
  Time to finish   2s,   60.3% completed, time steps left  119
  Time to finish   2s,   60.7% completed, time steps left  118
  Time to finish   2s,   61.0% completed, time steps left  117
  Time to finish   2s,   61.3% completed, time steps left  116
  Time to finish   2s,   61.7% completed, time steps left  115
  Time to finish   2s,   62.0% completed, time steps left  114
  Time to finish   2s,   62.3% completed, time steps left  113
  Time to finish   2s,   62.7% completed, time steps left  112
  Time to finish   2s,   63.0% completed, time steps left  111
  Time to finish   2s,   63.3% completed, time steps left  110
  Time to finish   2s,   63.7% completed, time steps left  109
  Time to finish   2s,   64.0% completed, time steps left  108
  Time to finish   2s,   64.3% completed, time steps left  107
  Time to finish   2s,   64.7% completed, time steps left  106
  Time to finish   2s,   65.0% completed, time steps left  105
  Time to finish   2s,   65.3% completed, time steps left  104
  Time to finish   2s,   65.7% completed, time steps left  103
  Time to finish   2s,   66.0% completed, time steps left  102
  Time to finish   2s,   66.3% completed, time steps left  101
  Time to finish   2s,   66.7% completed, time steps left  100
  Time to finish   2s,   67.0% completed, time steps left  99
  Time to finish   2s,   67.3% completed, time steps left  98
  Time to finish   2s,   67.7% completed, time steps left  97
  Time to finish   2s,   68.0% completed, time steps left  96
  Time to finish   2s,   68.3% completed, time steps left  95
  Time to finish   2s,   68.7% completed, time steps left  94
  Time to finish   2s,   69.0% completed, time steps left  93
  Time to finish   2s,   69.3% completed, time steps left  92
  Time to finish   2s,   69.7% completed, time steps left  91
  Time to finish   1s,   70.0% completed, time steps left  90
  Time to finish   1s,   70.3% completed, time steps left  89
  Time to finish   1s,   70.7% completed, time steps left  88
  Time to finish   1s,   71.0% completed, time steps left  87
  Time to finish   1s,   71.3% completed, time steps left  86
  Time to finish   1s,   71.7% completed, time steps left  85
  Time to finish   1s,   72.0% completed, time steps left  84
  Time to finish   1s,   72.3% completed, time steps left  83
  Time to finish   1s,   72.7% completed, time steps left  82
  Time to finish   1s,   73.0% completed, time steps left  81
  Time to finish   1s,   73.3% completed, time steps left  80
  Time to finish   1s,   73.7% completed, time steps left  79
  Time to finish   1s,   74.0% completed, time steps left  78
  Time to finish   1s,   74.3% completed, time steps left  77
  Time to finish   1s,   74.7% completed, time steps left  76
  Time to finish   1s,   75.0% completed, time steps left  75
  Time to finish   1s,   75.3% completed, time steps left  74
  Time to finish   1s,   75.7% completed, time steps left  73
  Time to finish   1s,   76.0% completed, time steps left  72
  Time to finish   1s,   76.3% completed, time steps left  71
  Time to finish   1s,   76.7% completed, time steps left  70
  Time to finish   1s,   77.0% completed, time steps left  69
  Time to finish   1s,   77.3% completed, time steps left  68
  Time to finish   1s,   77.7% completed, time steps left  67
  Time to finish   1s,   78.0% completed, time steps left  66
  Time to finish   1s,   78.3% completed, time steps left  65
  Time to finish   1s,   78.7% completed, time steps left  64
  Time to finish   1s,   79.0% completed, time steps left  63
  Time to finish   1s,   79.3% completed, time steps left  62
  Time to finish   1s,   79.7% completed, time steps left  61
  Time to finish   1s,   80.0% completed, time steps left  60
  Time to finish   1s,   80.3% completed, time steps left  59
  Time to finish   1s,   80.7% completed, time steps left  58
  Time to finish   1s,   81.0% completed, time steps left  57
  Time to finish   1s,   81.3% completed, time steps left  56
  Time to finish   1s,   81.7% completed, time steps left  55
  Time to finish   1s,   82.0% completed, time steps left  54
  Time to finish   1s,   82.3% completed, time steps left  53
  Time to finish   1s,   82.7% completed, time steps left  52
  Time to finish   1s,   83.0% completed, time steps left  51
  Time to finish   1s,   83.3% completed, time steps left  50
  Time to finish   1s,   83.7% completed, time steps left  49
  Time to finish   1s,   84.0% completed, time steps left  48
  Time to finish   1s,   84.3% completed, time steps left  47
  Time to finish   1s,   84.7% completed, time steps left  46
  Time to finish   1s,   85.0% completed, time steps left  45
  Time to finish   1s,   85.3% completed, time steps left  44
  Time to finish   1s,   85.7% completed, time steps left  43
  Time to finish   1s,   86.0% completed, time steps left  42
  Time to finish   1s,   86.3% completed, time steps left  41
  Time to finish   1s,   86.7% completed, time steps left  40
  Time to finish   1s,   87.0% completed, time steps left  39
  Time to finish   1s,   87.3% completed, time steps left  38
  Time to finish   1s,   87.7% completed, time steps left  37
  Time to finish   1s,   88.0% completed, time steps left  36
  Time to finish   1s,   88.3% completed, time steps left  35
  Time to finish   1s,   88.7% completed, time steps left  34
  Time to finish   1s,   89.0% completed, time steps left  33
  Time to finish   1s,   89.3% completed, time steps left  32
  Time to finish   1s,   89.7% completed, time steps left  31
  Time to finish   0s,   90.0% completed, time steps left  30
  Time to finish   0s,   90.3% completed, time steps left  29
  Time to finish   0s,   90.7% completed, time steps left  28
  Time to finish   0s,   91.0% completed, time steps left  27
  Time to finish   0s,   91.3% completed, time steps left  26
  Time to finish   0s,   91.7% completed, time steps left  25
  Time to finish   0s,   92.0% completed, time steps left  24
  Time to finish   0s,   92.3% completed, time steps left  23
  Time to finish   0s,   92.7% completed, time steps left  22
  Time to finish   0s,   93.0% completed, time steps left  21
  Time to finish   0s,   93.3% completed, time steps left  20
  Time to finish   0s,   93.7% completed, time steps left  19
  Time to finish   0s,   94.0% completed, time steps left  18
  Time to finish   0s,   94.3% completed, time steps left  17
  Time to finish   0s,   94.7% completed, time steps left  16
  Time to finish   0s,   95.0% completed, time steps left  15
  Time to finish   0s,   95.3% completed, time steps left  14
  Time to finish   0s,   95.7% completed, time steps left  13
  Time to finish   0s,   96.0% completed, time steps left  12
  Time to finish   0s,   96.3% completed, time steps left  11
  Time to finish   0s,   96.7% completed, time steps left  10
  Time to finish   0s,   97.0% completed, time steps left  9
  Time to finish   0s,   97.3% completed, time steps left  8
  Time to finish   0s,   97.7% completed, time steps left  7
  Time to finish   0s,   98.0% completed, time steps left  6
  Time to finish   0s,   98.3% completed, time steps left  5
  Time to finish   0s,   98.7% completed, time steps left  4
  Time to finish   0s,   99.0% completed, time steps left  3
  Time to finish   0s,   99.3% completed, time steps left  2
  Time to finish   0s,   99.7% completed, time steps left  1
 
 
 
 
------------------------------------------------------------------------------
  FINISHED    Delft3D-FLOW
              runid      : f34
              date, time : 2013-06-19, 09:40:52
SUMMARY FOR PARTITION :  1
    0 errors and     0 warnings
returning to main program from domain f34
------------------------------------------------------------------------------
SUMMARY FOR PARTITION :  2
*** WARNING Discharge (m,n,k)=(14,2,1) is disabled: inlet and/or outfall not in
***          this partition
    0 errors and     1 warnings
returning to main program from domain f34
------------------------------------------------------------------------------
SUMMARY FOR PARTITION :  3
*** WARNING Discharge (m,n,k)=(14,2,1) is disabled: inlet and/or outfall not in
***          this partition
    0 errors and     1 warnings
returning to main program from domain f34
------------------------------------------------------------------------------
D_Hydro [1371627652.190453] <anonymous> >> d_hydro shutting down normally
D_Hydro [1371627652.191097] <anonymous> >> d_hydro shutting down normally
D_Hydro [1371627652.190732] <anonymous> >> d_hydro shutting down normally
