Verbose output enabled
Found a configure template: ./configure.ac
Preparing the Delft3D build system...please wait

Checking autoreconf version: autoreconf --version
Checking autoconf version: autoconf --version
Found GNU Autoconf version 2.68
Checking if 2.68.0 is greater than 2.52.0
Checking automake version: automake --version
Found GNU Automake version 1.11.1
Checking if 1.11.1 is greater than 1.6.0
Checking libtoolize version: libtoolize --version
Found GNU Libtool version 2.4.2
Checking if 2.4.2 is greater than 2.0.0
Checking aclocal version: aclocal --version
Checking autoheader version: autoheader --version
Checking whether to only output version information
Backing up COPYING in /part0/u/mourits/code/oss/src
cp -p COPYING COPYING.12530.protect_from_automake.backup
Backing up INSTALL in /part0/u/mourits/code/oss/src
cp -p INSTALL INSTALL.12530.protect_from_automake.backup
Found extra aclocal search directory: m4

Automatically preparing build ... autoreconf  -I m4 -i -f
configure.ac:14: installing `config/config.guess'
configure.ac:14: installing `config/config.sub'
configure.ac:17: installing `config/install-sh'
configure.ac:17: installing `config/missing'
engines/part/packages/data_f/src/Makefile.am:11: Libtool library used but `LIBTOOL' is undefined
engines/part/packages/data_f/src/Makefile.am:11:   The usual way to define `LIBTOOL' is to add `AC_PROG_LIBTOOL'
engines/part/packages/data_f/src/Makefile.am:11:   to `configure.ac' and run `aclocal' and `autoconf' again.
engines/part/packages/data_f/src/Makefile.am:11:   If `AC_PROG_LIBTOOL' is in `configure.ac', make sure
engines/part/packages/data_f/src/Makefile.am:11:   its definition is in aclocal's search path.
engines/part/packages/io_f/src/Makefile.am:11: Libtool library used but `LIBTOOL' is undefined
engines/part/packages/io_f/src/Makefile.am:11:   The usual way to define `LIBTOOL' is to add `AC_PROG_LIBTOOL'
engines/part/packages/io_f/src/Makefile.am:11:   to `configure.ac' and run `aclocal' and `autoconf' again.
engines/part/packages/io_f/src/Makefile.am:11:   If `AC_PROG_LIBTOOL' is in `configure.ac', make sure
engines/part/packages/io_f/src/Makefile.am:11:   its definition is in aclocal's search path.
engines/part/packages/kernel_c/src/Makefile.am:11: library used but `RANLIB' is undefined
engines/part/packages/kernel_c/src/Makefile.am:11:   The usual way to define `RANLIB' is to add `AC_PROG_RANLIB'
engines/part/packages/kernel_c/src/Makefile.am:11:   to `configure.ac' and run `autoconf' again.
engines/part/packages/kernel_c/src/Makefile.am: installing `config/depcomp'
engines/part/packages/kernel_f/src/Makefile.am:11: Libtool library used but `LIBTOOL' is undefined
engines/part/packages/kernel_f/src/Makefile.am:11:   The usual way to define `LIBTOOL' is to add `AC_PROG_LIBTOOL'
engines/part/packages/kernel_f/src/Makefile.am:11:   to `configure.ac' and run `aclocal' and `autoconf' again.
engines/part/packages/kernel_f/src/Makefile.am:11:   If `AC_PROG_LIBTOOL' is in `configure.ac', make sure
engines/part/packages/kernel_f/src/Makefile.am:11:   its definition is in aclocal's search path.
engines/part/packages/utils_f/src/Makefile.am:11: Libtool library used but `LIBTOOL' is undefined
engines/part/packages/utils_f/src/Makefile.am:11:   The usual way to define `LIBTOOL' is to add `AC_PROG_LIBTOOL'
engines/part/packages/utils_f/src/Makefile.am:11:   to `configure.ac' and run `aclocal' and `autoconf' again.
engines/part/packages/utils_f/src/Makefile.am:11:   If `AC_PROG_LIBTOOL' is in `configure.ac', make sure
engines/part/packages/utils_f/src/Makefile.am:11:   its definition is in aclocal's search path.
engines/part/packages/version_number/src/Makefile.am:11: Libtool library used but `LIBTOOL' is undefined
engines/part/packages/version_number/src/Makefile.am:11:   The usual way to define `LIBTOOL' is to add `AC_PROG_LIBTOOL'
engines/part/packages/version_number/src/Makefile.am:11:   to `configure.ac' and run `aclocal' and `autoconf' again.
engines/part/packages/version_number/src/Makefile.am:11:   If `AC_PROG_LIBTOOL' is in `configure.ac', make sure
engines/part/packages/version_number/src/Makefile.am:11:   its definition is in aclocal's search path.
engines_gpl/flow2d3d/packages/data/src/allocation/Makefile.am:13: Libtool library used but `LIBTOOL' is undefined
engines_gpl/flow2d3d/packages/data/src/allocation/Makefile.am:13:   The usual way to define `LIBTOOL' is to add `AC_PROG_LIBTOOL'
engines_gpl/flow2d3d/packages/data/src/allocation/Makefile.am:13:   to `configure.ac' and run `aclocal' and `autoconf' again.
engines_gpl/flow2d3d/packages/data/src/allocation/Makefile.am:13:   If `AC_PROG_LIBTOOL' is in `configure.ac', make sure
engines_gpl/flow2d3d/packages/data/src/allocation/Makefile.am:13:   its definition is in aclocal's search path.
engines_gpl/flow2d3d/packages/data/src/basics/Makefile.am:13: Libtool library used but `LIBTOOL' is undefined
engines_gpl/flow2d3d/packages/data/src/basics/Makefile.am:13:   The usual way to define `LIBTOOL' is to add `AC_PROG_LIBTOOL'
engines_gpl/flow2d3d/packages/data/src/basics/Makefile.am:13:   to `configure.ac' and run `aclocal' and `autoconf' again.
engines_gpl/flow2d3d/packages/data/src/basics/Makefile.am:13:   If `AC_PROG_LIBTOOL' is in `configure.ac', make sure
engines_gpl/flow2d3d/packages/data/src/basics/Makefile.am:13:   its definition is in aclocal's search path.
engines_gpl/flow2d3d/packages/data/src/gdp/Makefile.am:13: Libtool library used but `LIBTOOL' is undefined
engines_gpl/flow2d3d/packages/data/src/gdp/Makefile.am:13:   The usual way to define `LIBTOOL' is to add `AC_PROG_LIBTOOL'
engines_gpl/flow2d3d/packages/data/src/gdp/Makefile.am:13:   to `configure.ac' and run `aclocal' and `autoconf' again.
engines_gpl/flow2d3d/packages/data/src/gdp/Makefile.am:13:   If `AC_PROG_LIBTOOL' is in `configure.ac', make sure
engines_gpl/flow2d3d/packages/data/src/gdp/Makefile.am:13:   its definition is in aclocal's search path.
engines_gpl/flow2d3d/packages/data/src/general/Makefile.am:13: Libtool library used but `LIBTOOL' is undefined
engines_gpl/flow2d3d/packages/data/src/general/Makefile.am:13:   The usual way to define `LIBTOOL' is to add `AC_PROG_LIBTOOL'
engines_gpl/flow2d3d/packages/data/src/general/Makefile.am:13:   to `configure.ac' and run `aclocal' and `autoconf' again.
engines_gpl/flow2d3d/packages/data/src/general/Makefile.am:13:   If `AC_PROG_LIBTOOL' is in `configure.ac', make sure
engines_gpl/flow2d3d/packages/data/src/general/Makefile.am:13:   its definition is in aclocal's search path.
engines_gpl/flow2d3d/packages/data/src/parallel_mpi/Makefile.am:13: Libtool library used but `LIBTOOL' is undefined
engines_gpl/flow2d3d/packages/data/src/parallel_mpi/Makefile.am:13:   The usual way to define `LIBTOOL' is to add `AC_PROG_LIBTOOL'
engines_gpl/flow2d3d/packages/data/src/parallel_mpi/Makefile.am:13:   to `configure.ac' and run `aclocal' and `autoconf' again.
engines_gpl/flow2d3d/packages/data/src/parallel_mpi/Makefile.am:13:   If `AC_PROG_LIBTOOL' is in `configure.ac', make sure
engines_gpl/flow2d3d/packages/data/src/parallel_mpi/Makefile.am:13:   its definition is in aclocal's search path.
engines_gpl/flow2d3d/packages/flow2d3d/src/Makefile.am:14: Libtool library used but `LIBTOOL' is undefined
engines_gpl/flow2d3d/packages/flow2d3d/src/Makefile.am:14:   The usual way to define `LIBTOOL' is to add `AC_PROG_LIBTOOL'
engines_gpl/flow2d3d/packages/flow2d3d/src/Makefile.am:14:   to `configure.ac' and run `aclocal' and `autoconf' again.
engines_gpl/flow2d3d/packages/flow2d3d/src/Makefile.am:14:   If `AC_PROG_LIBTOOL' is in `configure.ac', make sure
engines_gpl/flow2d3d/packages/flow2d3d/src/Makefile.am:14:   its definition is in aclocal's search path.
engines_gpl/flow2d3d/packages/flow2d3d/src/dd/Makefile.am:15: Libtool library used but `LIBTOOL' is undefined
engines_gpl/flow2d3d/packages/flow2d3d/src/dd/Makefile.am:15:   The usual way to define `LIBTOOL' is to add `AC_PROG_LIBTOOL'
engines_gpl/flow2d3d/packages/flow2d3d/src/dd/Makefile.am:15:   to `configure.ac' and run `aclocal' and `autoconf' again.
engines_gpl/flow2d3d/packages/flow2d3d/src/dd/Makefile.am:15:   If `AC_PROG_LIBTOOL' is in `configure.ac', make sure
engines_gpl/flow2d3d/packages/flow2d3d/src/dd/Makefile.am:15:   its definition is in aclocal's search path.
engines_gpl/flow2d3d/packages/flow2d3d/src/dd/iterators/Makefile.am:13: Libtool library used but `LIBTOOL' is undefined
engines_gpl/flow2d3d/packages/flow2d3d/src/dd/iterators/Makefile.am:13:   The usual way to define `LIBTOOL' is to add `AC_PROG_LIBTOOL'
engines_gpl/flow2d3d/packages/flow2d3d/src/dd/iterators/Makefile.am:13:   to `configure.ac' and run `aclocal' and `autoconf' again.
engines_gpl/flow2d3d/packages/flow2d3d/src/dd/iterators/Makefile.am:13:   If `AC_PROG_LIBTOOL' is in `configure.ac', make sure
engines_gpl/flow2d3d/packages/flow2d3d/src/dd/iterators/Makefile.am:13:   its definition is in aclocal's search path.
engines_gpl/flow2d3d/packages/flow2d3d/src/dd/mapper/Makefile.am:11: Libtool library used but `LIBTOOL' is undefined
engines_gpl/flow2d3d/packages/flow2d3d/src/dd/mapper/Makefile.am:11:   The usual way to define `LIBTOOL' is to add `AC_PROG_LIBTOOL'
engines_gpl/flow2d3d/packages/flow2d3d/src/dd/mapper/Makefile.am:11:   to `configure.ac' and run `aclocal' and `autoconf' again.
engines_gpl/flow2d3d/packages/flow2d3d/src/dd/mapper/Makefile.am:11:   If `AC_PROG_LIBTOOL' is in `configure.ac', make sure
engines_gpl/flow2d3d/packages/flow2d3d/src/dd/mapper/Makefile.am:11:   its definition is in aclocal's search path.
engines_gpl/flow2d3d/packages/flow2d3d_openda/src/Makefile.am:13: Libtool library used but `LIBTOOL' is undefined
engines_gpl/flow2d3d/packages/flow2d3d_openda/src/Makefile.am:13:   The usual way to define `LIBTOOL' is to add `AC_PROG_LIBTOOL'
engines_gpl/flow2d3d/packages/flow2d3d_openda/src/Makefile.am:13:   to `configure.ac' and run `aclocal' and `autoconf' again.
engines_gpl/flow2d3d/packages/flow2d3d_openda/src/Makefile.am:13:   If `AC_PROG_LIBTOOL' is in `configure.ac', make sure
engines_gpl/flow2d3d/packages/flow2d3d_openda/src/Makefile.am:13:   its definition is in aclocal's search path.
engines_gpl/flow2d3d/packages/io/src/input/Makefile.am:13: Libtool library used but `LIBTOOL' is undefined
engines_gpl/flow2d3d/packages/io/src/input/Makefile.am:13:   The usual way to define `LIBTOOL' is to add `AC_PROG_LIBTOOL'
engines_gpl/flow2d3d/packages/io/src/input/Makefile.am:13:   to `configure.ac' and run `aclocal' and `autoconf' again.
engines_gpl/flow2d3d/packages/io/src/input/Makefile.am:13:   If `AC_PROG_LIBTOOL' is in `configure.ac', make sure
engines_gpl/flow2d3d/packages/io/src/input/Makefile.am:13:   its definition is in aclocal's search path.
engines_gpl/flow2d3d/packages/io/src/output/Makefile.am:13: Libtool library used but `LIBTOOL' is undefined
engines_gpl/flow2d3d/packages/io/src/output/Makefile.am:13:   The usual way to define `LIBTOOL' is to add `AC_PROG_LIBTOOL'
engines_gpl/flow2d3d/packages/io/src/output/Makefile.am:13:   to `configure.ac' and run `aclocal' and `autoconf' again.
engines_gpl/flow2d3d/packages/io/src/output/Makefile.am:13:   If `AC_PROG_LIBTOOL' is in `configure.ac', make sure
engines_gpl/flow2d3d/packages/io/src/output/Makefile.am:13:   its definition is in aclocal's search path.
engines_gpl/flow2d3d/packages/io/src/preprocessor/Makefile.am:13: Libtool library used but `LIBTOOL' is undefined
engines_gpl/flow2d3d/packages/io/src/preprocessor/Makefile.am:13:   The usual way to define `LIBTOOL' is to add `AC_PROG_LIBTOOL'
engines_gpl/flow2d3d/packages/io/src/preprocessor/Makefile.am:13:   to `configure.ac' and run `aclocal' and `autoconf' again.
engines_gpl/flow2d3d/packages/io/src/preprocessor/Makefile.am:13:   If `AC_PROG_LIBTOOL' is in `configure.ac', make sure
engines_gpl/flow2d3d/packages/io/src/preprocessor/Makefile.am:13:   its definition is in aclocal's search path.
engines_gpl/flow2d3d/packages/io_dol_f/src/Makefile.am:13: Libtool library used but `LIBTOOL' is undefined
engines_gpl/flow2d3d/packages/io_dol_f/src/Makefile.am:13:   The usual way to define `LIBTOOL' is to add `AC_PROG_LIBTOOL'
engines_gpl/flow2d3d/packages/io_dol_f/src/Makefile.am:13:   to `configure.ac' and run `aclocal' and `autoconf' again.
engines_gpl/flow2d3d/packages/io_dol_f/src/Makefile.am:13:   If `AC_PROG_LIBTOOL' is in `configure.ac', make sure
engines_gpl/flow2d3d/packages/io_dol_f/src/Makefile.am:13:   its definition is in aclocal's search path.
engines_gpl/flow2d3d/packages/kernel/src/compute/Makefile.am:13: Libtool library used but `LIBTOOL' is undefined
engines_gpl/flow2d3d/packages/kernel/src/compute/Makefile.am:13:   The usual way to define `LIBTOOL' is to add `AC_PROG_LIBTOOL'
engines_gpl/flow2d3d/packages/kernel/src/compute/Makefile.am:13:   to `configure.ac' and run `aclocal' and `autoconf' again.
engines_gpl/flow2d3d/packages/kernel/src/compute/Makefile.am:13:   If `AC_PROG_LIBTOOL' is in `configure.ac', make sure
engines_gpl/flow2d3d/packages/kernel/src/compute/Makefile.am:13:   its definition is in aclocal's search path.
engines_gpl/flow2d3d/packages/kernel/src/compute_nearfar/Makefile.am:13: Libtool library used but `LIBTOOL' is undefined
engines_gpl/flow2d3d/packages/kernel/src/compute_nearfar/Makefile.am:13:   The usual way to define `LIBTOOL' is to add `AC_PROG_LIBTOOL'
engines_gpl/flow2d3d/packages/kernel/src/compute_nearfar/Makefile.am:13:   to `configure.ac' and run `aclocal' and `autoconf' again.
engines_gpl/flow2d3d/packages/kernel/src/compute_nearfar/Makefile.am:13:   If `AC_PROG_LIBTOOL' is in `configure.ac', make sure
engines_gpl/flow2d3d/packages/kernel/src/compute_nearfar/Makefile.am:13:   its definition is in aclocal's search path.
engines_gpl/flow2d3d/packages/kernel/src/compute_roller/Makefile.am:13: Libtool library used but `LIBTOOL' is undefined
engines_gpl/flow2d3d/packages/kernel/src/compute_roller/Makefile.am:13:   The usual way to define `LIBTOOL' is to add `AC_PROG_LIBTOOL'
engines_gpl/flow2d3d/packages/kernel/src/compute_roller/Makefile.am:13:   to `configure.ac' and run `aclocal' and `autoconf' again.
engines_gpl/flow2d3d/packages/kernel/src/compute_roller/Makefile.am:13:   If `AC_PROG_LIBTOOL' is in `configure.ac', make sure
engines_gpl/flow2d3d/packages/kernel/src/compute_roller/Makefile.am:13:   its definition is in aclocal's search path.
engines_gpl/flow2d3d/packages/kernel/src/compute_sediment/Makefile.am:13: Libtool library used but `LIBTOOL' is undefined
engines_gpl/flow2d3d/packages/kernel/src/compute_sediment/Makefile.am:13:   The usual way to define `LIBTOOL' is to add `AC_PROG_LIBTOOL'
engines_gpl/flow2d3d/packages/kernel/src/compute_sediment/Makefile.am:13:   to `configure.ac' and run `aclocal' and `autoconf' again.
engines_gpl/flow2d3d/packages/kernel/src/compute_sediment/Makefile.am:13:   If `AC_PROG_LIBTOOL' is in `configure.ac', make sure
engines_gpl/flow2d3d/packages/kernel/src/compute_sediment/Makefile.am:13:   its definition is in aclocal's search path.
engines_gpl/flow2d3d/packages/kernel/src/dd/Makefile.am:13: Libtool library used but `LIBTOOL' is undefined
engines_gpl/flow2d3d/packages/kernel/src/dd/Makefile.am:13:   The usual way to define `LIBTOOL' is to add `AC_PROG_LIBTOOL'
engines_gpl/flow2d3d/packages/kernel/src/dd/Makefile.am:13:   to `configure.ac' and run `aclocal' and `autoconf' again.
engines_gpl/flow2d3d/packages/kernel/src/dd/Makefile.am:13:   If `AC_PROG_LIBTOOL' is in `configure.ac', make sure
engines_gpl/flow2d3d/packages/kernel/src/dd/Makefile.am:13:   its definition is in aclocal's search path.
engines_gpl/flow2d3d/packages/kernel/src/general/Makefile.am:13: Libtool library used but `LIBTOOL' is undefined
engines_gpl/flow2d3d/packages/kernel/src/general/Makefile.am:13:   The usual way to define `LIBTOOL' is to add `AC_PROG_LIBTOOL'
engines_gpl/flow2d3d/packages/kernel/src/general/Makefile.am:13:   to `configure.ac' and run `aclocal' and `autoconf' again.
engines_gpl/flow2d3d/packages/kernel/src/general/Makefile.am:13:   If `AC_PROG_LIBTOOL' is in `configure.ac', make sure
engines_gpl/flow2d3d/packages/kernel/src/general/Makefile.am:13:   its definition is in aclocal's search path.
engines_gpl/flow2d3d/packages/kernel/src/inichk/Makefile.am:13: Libtool library used but `LIBTOOL' is undefined
engines_gpl/flow2d3d/packages/kernel/src/inichk/Makefile.am:13:   The usual way to define `LIBTOOL' is to add `AC_PROG_LIBTOOL'
engines_gpl/flow2d3d/packages/kernel/src/inichk/Makefile.am:13:   to `configure.ac' and run `aclocal' and `autoconf' again.
engines_gpl/flow2d3d/packages/kernel/src/inichk/Makefile.am:13:   If `AC_PROG_LIBTOOL' is in `configure.ac', make sure
engines_gpl/flow2d3d/packages/kernel/src/inichk/Makefile.am:13:   its definition is in aclocal's search path.
engines_gpl/flow2d3d/packages/kernel/src/main/Makefile.am:13: Libtool library used but `LIBTOOL' is undefined
engines_gpl/flow2d3d/packages/kernel/src/main/Makefile.am:13:   The usual way to define `LIBTOOL' is to add `AC_PROG_LIBTOOL'
engines_gpl/flow2d3d/packages/kernel/src/main/Makefile.am:13:   to `configure.ac' and run `aclocal' and `autoconf' again.
engines_gpl/flow2d3d/packages/kernel/src/main/Makefile.am:13:   If `AC_PROG_LIBTOOL' is in `configure.ac', make sure
engines_gpl/flow2d3d/packages/kernel/src/main/Makefile.am:13:   its definition is in aclocal's search path.
engines_gpl/flow2d3d/packages/kernel/src/non_hydro/Makefile.am:13: Libtool library used but `LIBTOOL' is undefined
engines_gpl/flow2d3d/packages/kernel/src/non_hydro/Makefile.am:13:   The usual way to define `LIBTOOL' is to add `AC_PROG_LIBTOOL'
engines_gpl/flow2d3d/packages/kernel/src/non_hydro/Makefile.am:13:   to `configure.ac' and run `aclocal' and `autoconf' again.
engines_gpl/flow2d3d/packages/kernel/src/non_hydro/Makefile.am:13:   If `AC_PROG_LIBTOOL' is in `configure.ac', make sure
engines_gpl/flow2d3d/packages/kernel/src/non_hydro/Makefile.am:13:   its definition is in aclocal's search path.
engines_gpl/flow2d3d/packages/kernel/src/taylor/Makefile.am:13: Libtool library used but `LIBTOOL' is undefined
engines_gpl/flow2d3d/packages/kernel/src/taylor/Makefile.am:13:   The usual way to define `LIBTOOL' is to add `AC_PROG_LIBTOOL'
engines_gpl/flow2d3d/packages/kernel/src/taylor/Makefile.am:13:   to `configure.ac' and run `aclocal' and `autoconf' again.
engines_gpl/flow2d3d/packages/kernel/src/taylor/Makefile.am:13:   If `AC_PROG_LIBTOOL' is in `configure.ac', make sure
engines_gpl/flow2d3d/packages/kernel/src/taylor/Makefile.am:13:   its definition is in aclocal's search path.
engines_gpl/flow2d3d/packages/kernel/src/timedep/Makefile.am:13: Libtool library used but `LIBTOOL' is undefined
engines_gpl/flow2d3d/packages/kernel/src/timedep/Makefile.am:13:   The usual way to define `LIBTOOL' is to add `AC_PROG_LIBTOOL'
engines_gpl/flow2d3d/packages/kernel/src/timedep/Makefile.am:13:   to `configure.ac' and run `aclocal' and `autoconf' again.
engines_gpl/flow2d3d/packages/kernel/src/timedep/Makefile.am:13:   If `AC_PROG_LIBTOOL' is in `configure.ac', make sure
engines_gpl/flow2d3d/packages/kernel/src/timedep/Makefile.am:13:   its definition is in aclocal's search path.
engines_gpl/flow2d3d/packages/kernel_dd_f/src/Makefile.am:13: Libtool library used but `LIBTOOL' is undefined
engines_gpl/flow2d3d/packages/kernel_dd_f/src/Makefile.am:13:   The usual way to define `LIBTOOL' is to add `AC_PROG_LIBTOOL'
engines_gpl/flow2d3d/packages/kernel_dd_f/src/Makefile.am:13:   to `configure.ac' and run `aclocal' and `autoconf' again.
engines_gpl/flow2d3d/packages/kernel_dd_f/src/Makefile.am:13:   If `AC_PROG_LIBTOOL' is in `configure.ac', make sure
engines_gpl/flow2d3d/packages/kernel_dd_f/src/Makefile.am:13:   its definition is in aclocal's search path.
engines_gpl/flow2d3d/packages/manager/src/Makefile.am:14: Libtool library used but `LIBTOOL' is undefined
engines_gpl/flow2d3d/packages/manager/src/Makefile.am:14:   The usual way to define `LIBTOOL' is to add `AC_PROG_LIBTOOL'
engines_gpl/flow2d3d/packages/manager/src/Makefile.am:14:   to `configure.ac' and run `aclocal' and `autoconf' again.
engines_gpl/flow2d3d/packages/manager/src/Makefile.am:14:   If `AC_PROG_LIBTOOL' is in `configure.ac', make sure
engines_gpl/flow2d3d/packages/manager/src/Makefile.am:14:   its definition is in aclocal's search path.
engines_gpl/flow2d3d/packages/plugin_3dmortrafrm_c/src/Makefile.am:13: Libtool library used but `LIBTOOL' is undefined
engines_gpl/flow2d3d/packages/plugin_3dmortrafrm_c/src/Makefile.am:13:   The usual way to define `LIBTOOL' is to add `AC_PROG_LIBTOOL'
engines_gpl/flow2d3d/packages/plugin_3dmortrafrm_c/src/Makefile.am:13:   to `configure.ac' and run `aclocal' and `autoconf' again.
engines_gpl/flow2d3d/packages/plugin_3dmortrafrm_c/src/Makefile.am:13:   If `AC_PROG_LIBTOOL' is in `configure.ac', make sure
engines_gpl/flow2d3d/packages/plugin_3dmortrafrm_c/src/Makefile.am:13:   its definition is in aclocal's search path.
engines_gpl/flow2d3d/packages/plugin_user/src/Makefile.am:13: Libtool library used but `LIBTOOL' is undefined
engines_gpl/flow2d3d/packages/plugin_user/src/Makefile.am:13:   The usual way to define `LIBTOOL' is to add `AC_PROG_LIBTOOL'
engines_gpl/flow2d3d/packages/plugin_user/src/Makefile.am:13:   to `configure.ac' and run `aclocal' and `autoconf' again.
engines_gpl/flow2d3d/packages/plugin_user/src/Makefile.am:13:   If `AC_PROG_LIBTOOL' is in `configure.ac', make sure
engines_gpl/flow2d3d/packages/plugin_user/src/Makefile.am:13:   its definition is in aclocal's search path.
engines_gpl/waq/packages/delwaq1_lib/src/Makefile.am:9: Libtool library used but `LIBTOOL' is undefined
engines_gpl/waq/packages/delwaq1_lib/src/Makefile.am:9:   The usual way to define `LIBTOOL' is to add `AC_PROG_LIBTOOL'
engines_gpl/waq/packages/delwaq1_lib/src/Makefile.am:9:   to `configure.ac' and run `aclocal' and `autoconf' again.
engines_gpl/waq/packages/delwaq1_lib/src/Makefile.am:9:   If `AC_PROG_LIBTOOL' is in `configure.ac', make sure
engines_gpl/waq/packages/delwaq1_lib/src/Makefile.am:9:   its definition is in aclocal's search path.
engines_gpl/waq/packages/delwaq1_version_number/src/Makefile.am:9: Libtool library used but `LIBTOOL' is undefined
engines_gpl/waq/packages/delwaq1_version_number/src/Makefile.am:9:   The usual way to define `LIBTOOL' is to add `AC_PROG_LIBTOOL'
engines_gpl/waq/packages/delwaq1_version_number/src/Makefile.am:9:   to `configure.ac' and run `aclocal' and `autoconf' again.
engines_gpl/waq/packages/delwaq1_version_number/src/Makefile.am:9:   If `AC_PROG_LIBTOOL' is in `configure.ac', make sure
engines_gpl/waq/packages/delwaq1_version_number/src/Makefile.am:9:   its definition is in aclocal's search path.
engines_gpl/waq/packages/delwaq2_lib/src/Makefile.am:9: Libtool library used but `LIBTOOL' is undefined
engines_gpl/waq/packages/delwaq2_lib/src/Makefile.am:9:   The usual way to define `LIBTOOL' is to add `AC_PROG_LIBTOOL'
engines_gpl/waq/packages/delwaq2_lib/src/Makefile.am:9:   to `configure.ac' and run `aclocal' and `autoconf' again.
engines_gpl/waq/packages/delwaq2_lib/src/Makefile.am:9:   If `AC_PROG_LIBTOOL' is in `configure.ac', make sure
engines_gpl/waq/packages/delwaq2_lib/src/Makefile.am:9:   its definition is in aclocal's search path.
engines_gpl/waq/packages/delwaq2_version_number/src/Makefile.am:9: Libtool library used but `LIBTOOL' is undefined
engines_gpl/waq/packages/delwaq2_version_number/src/Makefile.am:9:   The usual way to define `LIBTOOL' is to add `AC_PROG_LIBTOOL'
engines_gpl/waq/packages/delwaq2_version_number/src/Makefile.am:9:   to `configure.ac' and run `aclocal' and `autoconf' again.
engines_gpl/waq/packages/delwaq2_version_number/src/Makefile.am:9:   If `AC_PROG_LIBTOOL' is in `configure.ac', make sure
engines_gpl/waq/packages/delwaq2_version_number/src/Makefile.am:9:   its definition is in aclocal's search path.
engines_gpl/waq/packages/waq_data/src/proc_data/Makefile.am:9: Libtool library used but `LIBTOOL' is undefined
engines_gpl/waq/packages/waq_data/src/proc_data/Makefile.am:9:   The usual way to define `LIBTOOL' is to add `AC_PROG_LIBTOOL'
engines_gpl/waq/packages/waq_data/src/proc_data/Makefile.am:9:   to `configure.ac' and run `aclocal' and `autoconf' again.
engines_gpl/waq/packages/waq_data/src/proc_data/Makefile.am:9:   If `AC_PROG_LIBTOOL' is in `configure.ac', make sure
engines_gpl/waq/packages/waq_data/src/proc_data/Makefile.am:9:   its definition is in aclocal's search path.
engines_gpl/waq/packages/waq_io/src/mpidum/Makefile.am:9: Libtool library used but `LIBTOOL' is undefined
engines_gpl/waq/packages/waq_io/src/mpidum/Makefile.am:9:   The usual way to define `LIBTOOL' is to add `AC_PROG_LIBTOOL'
engines_gpl/waq/packages/waq_io/src/mpidum/Makefile.am:9:   to `configure.ac' and run `aclocal' and `autoconf' again.
engines_gpl/waq/packages/waq_io/src/mpidum/Makefile.am:9:   If `AC_PROG_LIBTOOL' is in `configure.ac', make sure
engines_gpl/waq/packages/waq_io/src/mpidum/Makefile.am:9:   its definition is in aclocal's search path.
engines_gpl/waq/packages/waq_io/src/ods/Makefile.am:9: Libtool library used but `LIBTOOL' is undefined
engines_gpl/waq/packages/waq_io/src/ods/Makefile.am:9:   The usual way to define `LIBTOOL' is to add `AC_PROG_LIBTOOL'
engines_gpl/waq/packages/waq_io/src/ods/Makefile.am:9:   to `configure.ac' and run `aclocal' and `autoconf' again.
engines_gpl/waq/packages/waq_io/src/ods/Makefile.am:9:   If `AC_PROG_LIBTOOL' is in `configure.ac', make sure
engines_gpl/waq/packages/waq_io/src/ods/Makefile.am:9:   its definition is in aclocal's search path.
engines_gpl/waq/packages/waq_io/src/proc_preprocess/Makefile.am:9: Libtool library used but `LIBTOOL' is undefined
engines_gpl/waq/packages/waq_io/src/proc_preprocess/Makefile.am:9:   The usual way to define `LIBTOOL' is to add `AC_PROG_LIBTOOL'
engines_gpl/waq/packages/waq_io/src/proc_preprocess/Makefile.am:9:   to `configure.ac' and run `aclocal' and `autoconf' again.
engines_gpl/waq/packages/waq_io/src/proc_preprocess/Makefile.am:9:   If `AC_PROG_LIBTOOL' is in `configure.ac', make sure
engines_gpl/waq/packages/waq_io/src/proc_preprocess/Makefile.am:9:   its definition is in aclocal's search path.
engines_gpl/waq/packages/waq_io/src/waq_io/Makefile.am:9: Libtool library used but `LIBTOOL' is undefined
engines_gpl/waq/packages/waq_io/src/waq_io/Makefile.am:9:   The usual way to define `LIBTOOL' is to add `AC_PROG_LIBTOOL'
engines_gpl/waq/packages/waq_io/src/waq_io/Makefile.am:9:   to `configure.ac' and run `aclocal' and `autoconf' again.
engines_gpl/waq/packages/waq_io/src/waq_io/Makefile.am:9:   If `AC_PROG_LIBTOOL' is in `configure.ac', make sure
engines_gpl/waq/packages/waq_io/src/waq_io/Makefile.am:9:   its definition is in aclocal's search path.
engines_gpl/waq/packages/waq_kernel/src/bloom/Makefile.am:9: Libtool library used but `LIBTOOL' is undefined
engines_gpl/waq/packages/waq_kernel/src/bloom/Makefile.am:9:   The usual way to define `LIBTOOL' is to add `AC_PROG_LIBTOOL'
engines_gpl/waq/packages/waq_kernel/src/bloom/Makefile.am:9:   to `configure.ac' and run `aclocal' and `autoconf' again.
engines_gpl/waq/packages/waq_kernel/src/bloom/Makefile.am:9:   If `AC_PROG_LIBTOOL' is in `configure.ac', make sure
engines_gpl/waq/packages/waq_kernel/src/bloom/Makefile.am:9:   its definition is in aclocal's search path.
engines_gpl/waq/packages/waq_kernel/src/charon/Makefile.am:9: Libtool library used but `LIBTOOL' is undefined
engines_gpl/waq/packages/waq_kernel/src/charon/Makefile.am:9:   The usual way to define `LIBTOOL' is to add `AC_PROG_LIBTOOL'
engines_gpl/waq/packages/waq_kernel/src/charon/Makefile.am:9:   to `configure.ac' and run `aclocal' and `autoconf' again.
engines_gpl/waq/packages/waq_kernel/src/charon/Makefile.am:9:   If `AC_PROG_LIBTOOL' is in `configure.ac', make sure
engines_gpl/waq/packages/waq_kernel/src/charon/Makefile.am:9:   its definition is in aclocal's search path.
engines_gpl/waq/packages/waq_kernel/src/waq_kernel/Makefile.am:9: Libtool library used but `LIBTOOL' is undefined
engines_gpl/waq/packages/waq_kernel/src/waq_kernel/Makefile.am:9:   The usual way to define `LIBTOOL' is to add `AC_PROG_LIBTOOL'
engines_gpl/waq/packages/waq_kernel/src/waq_kernel/Makefile.am:9:   to `configure.ac' and run `aclocal' and `autoconf' again.
engines_gpl/waq/packages/waq_kernel/src/waq_kernel/Makefile.am:9:   If `AC_PROG_LIBTOOL' is in `configure.ac', make sure
engines_gpl/waq/packages/waq_kernel/src/waq_kernel/Makefile.am:9:   its definition is in aclocal's search path.
engines_gpl/waq/packages/waq_kernel/src/waq_process/Makefile.am:9: Libtool library used but `LIBTOOL' is undefined
engines_gpl/waq/packages/waq_kernel/src/waq_process/Makefile.am:9:   The usual way to define `LIBTOOL' is to add `AC_PROG_LIBTOOL'
engines_gpl/waq/packages/waq_kernel/src/waq_process/Makefile.am:9:   to `configure.ac' and run `aclocal' and `autoconf' again.
engines_gpl/waq/packages/waq_kernel/src/waq_process/Makefile.am:9:   If `AC_PROG_LIBTOOL' is in `configure.ac', make sure
engines_gpl/waq/packages/waq_kernel/src/waq_process/Makefile.am:9:   its definition is in aclocal's search path.
engines_gpl/waq/packages/waq_plugin_wasteload/src/Makefile.am:9: Libtool library used but `LIBTOOL' is undefined
engines_gpl/waq/packages/waq_plugin_wasteload/src/Makefile.am:9:   The usual way to define `LIBTOOL' is to add `AC_PROG_LIBTOOL'
engines_gpl/waq/packages/waq_plugin_wasteload/src/Makefile.am:9:   to `configure.ac' and run `aclocal' and `autoconf' again.
engines_gpl/waq/packages/waq_plugin_wasteload/src/Makefile.am:9:   If `AC_PROG_LIBTOOL' is in `configure.ac', make sure
engines_gpl/waq/packages/waq_plugin_wasteload/src/Makefile.am:9:   its definition is in aclocal's search path.
engines_gpl/waq/packages/waq_utils_c/src/Makefile.am:9: Libtool library used but `LIBTOOL' is undefined
engines_gpl/waq/packages/waq_utils_c/src/Makefile.am:9:   The usual way to define `LIBTOOL' is to add `AC_PROG_LIBTOOL'
engines_gpl/waq/packages/waq_utils_c/src/Makefile.am:9:   to `configure.ac' and run `aclocal' and `autoconf' again.
engines_gpl/waq/packages/waq_utils_c/src/Makefile.am:9:   If `AC_PROG_LIBTOOL' is in `configure.ac', make sure
engines_gpl/waq/packages/waq_utils_c/src/Makefile.am:9:   its definition is in aclocal's search path.
engines_gpl/waq/packages/waq_utils_f/src/interact/Makefile.am:9: Libtool library used but `LIBTOOL' is undefined
engines_gpl/waq/packages/waq_utils_f/src/interact/Makefile.am:9:   The usual way to define `LIBTOOL' is to add `AC_PROG_LIBTOOL'
engines_gpl/waq/packages/waq_utils_f/src/interact/Makefile.am:9:   to `configure.ac' and run `aclocal' and `autoconf' again.
engines_gpl/waq/packages/waq_utils_f/src/interact/Makefile.am:9:   If `AC_PROG_LIBTOOL' is in `configure.ac', make sure
engines_gpl/waq/packages/waq_utils_f/src/interact/Makefile.am:9:   its definition is in aclocal's search path.
engines_gpl/waq/packages/waq_utils_f/src/mod_couplib/Makefile.am:9: Libtool library used but `LIBTOOL' is undefined
engines_gpl/waq/packages/waq_utils_f/src/mod_couplib/Makefile.am:9:   The usual way to define `LIBTOOL' is to add `AC_PROG_LIBTOOL'
engines_gpl/waq/packages/waq_utils_f/src/mod_couplib/Makefile.am:9:   to `configure.ac' and run `aclocal' and `autoconf' again.
engines_gpl/waq/packages/waq_utils_f/src/mod_couplib/Makefile.am:9:   If `AC_PROG_LIBTOOL' is in `configure.ac', make sure
engines_gpl/waq/packages/waq_utils_f/src/mod_couplib/Makefile.am:9:   its definition is in aclocal's search path.
engines_gpl/waq/packages/waq_utils_f/src/mod_timings/Makefile.am:9: Libtool library used but `LIBTOOL' is undefined
engines_gpl/waq/packages/waq_utils_f/src/mod_timings/Makefile.am:9:   The usual way to define `LIBTOOL' is to add `AC_PROG_LIBTOOL'
engines_gpl/waq/packages/waq_utils_f/src/mod_timings/Makefile.am:9:   to `configure.ac' and run `aclocal' and `autoconf' again.
engines_gpl/waq/packages/waq_utils_f/src/mod_timings/Makefile.am:9:   If `AC_PROG_LIBTOOL' is in `configure.ac', make sure
engines_gpl/waq/packages/waq_utils_f/src/mod_timings/Makefile.am:9:   its definition is in aclocal's search path.
engines_gpl/waq/packages/waq_utils_f/src/waq_utils/Makefile.am:9: Libtool library used but `LIBTOOL' is undefined
engines_gpl/waq/packages/waq_utils_f/src/waq_utils/Makefile.am:9:   The usual way to define `LIBTOOL' is to add `AC_PROG_LIBTOOL'
engines_gpl/waq/packages/waq_utils_f/src/waq_utils/Makefile.am:9:   to `configure.ac' and run `aclocal' and `autoconf' again.
engines_gpl/waq/packages/waq_utils_f/src/waq_utils/Makefile.am:9:   If `AC_PROG_LIBTOOL' is in `configure.ac', make sure
engines_gpl/waq/packages/waq_utils_f/src/waq_utils/Makefile.am:9:   its definition is in aclocal's search path.
engines_gpl/wave/packages/data/src/Makefile.am:13: Libtool library used but `LIBTOOL' is undefined
engines_gpl/wave/packages/data/src/Makefile.am:13:   The usual way to define `LIBTOOL' is to add `AC_PROG_LIBTOOL'
engines_gpl/wave/packages/data/src/Makefile.am:13:   to `configure.ac' and run `aclocal' and `autoconf' again.
engines_gpl/wave/packages/data/src/Makefile.am:13:   If `AC_PROG_LIBTOOL' is in `configure.ac', make sure
engines_gpl/wave/packages/data/src/Makefile.am:13:   its definition is in aclocal's search path.
engines_gpl/wave/packages/io/src/Makefile.am:13: Libtool library used but `LIBTOOL' is undefined
engines_gpl/wave/packages/io/src/Makefile.am:13:   The usual way to define `LIBTOOL' is to add `AC_PROG_LIBTOOL'
engines_gpl/wave/packages/io/src/Makefile.am:13:   to `configure.ac' and run `aclocal' and `autoconf' again.
engines_gpl/wave/packages/io/src/Makefile.am:13:   If `AC_PROG_LIBTOOL' is in `configure.ac', make sure
engines_gpl/wave/packages/io/src/Makefile.am:13:   its definition is in aclocal's search path.
engines_gpl/wave/packages/kernel/src/Makefile.am:13: Libtool library used but `LIBTOOL' is undefined
engines_gpl/wave/packages/kernel/src/Makefile.am:13:   The usual way to define `LIBTOOL' is to add `AC_PROG_LIBTOOL'
engines_gpl/wave/packages/kernel/src/Makefile.am:13:   to `configure.ac' and run `aclocal' and `autoconf' again.
engines_gpl/wave/packages/kernel/src/Makefile.am:13:   If `AC_PROG_LIBTOOL' is in `configure.ac', make sure
engines_gpl/wave/packages/kernel/src/Makefile.am:13:   its definition is in aclocal's search path.
engines_gpl/wave/packages/manager/src/Makefile.am:13: Libtool library used but `LIBTOOL' is undefined
engines_gpl/wave/packages/manager/src/Makefile.am:13:   The usual way to define `LIBTOOL' is to add `AC_PROG_LIBTOOL'
engines_gpl/wave/packages/manager/src/Makefile.am:13:   to `configure.ac' and run `aclocal' and `autoconf' again.
engines_gpl/wave/packages/manager/src/Makefile.am:13:   If `AC_PROG_LIBTOOL' is in `configure.ac', make sure
engines_gpl/wave/packages/manager/src/Makefile.am:13:   its definition is in aclocal's search path.
plugins_lgpl/plugin_culvert/src/Makefile.am:13: Libtool library used but `LIBTOOL' is undefined
plugins_lgpl/plugin_culvert/src/Makefile.am:13:   The usual way to define `LIBTOOL' is to add `AC_PROG_LIBTOOL'
plugins_lgpl/plugin_culvert/src/Makefile.am:13:   to `configure.ac' and run `aclocal' and `autoconf' again.
plugins_lgpl/plugin_culvert/src/Makefile.am:13:   If `AC_PROG_LIBTOOL' is in `configure.ac', make sure
plugins_lgpl/plugin_culvert/src/Makefile.am:13:   its definition is in aclocal's search path.
plugins_lgpl/plugin_delftflow_traform/src/Makefile.am:18: Libtool library used but `LIBTOOL' is undefined
plugins_lgpl/plugin_delftflow_traform/src/Makefile.am:18:   The usual way to define `LIBTOOL' is to add `AC_PROG_LIBTOOL'
plugins_lgpl/plugin_delftflow_traform/src/Makefile.am:18:   to `configure.ac' and run `aclocal' and `autoconf' again.
plugins_lgpl/plugin_delftflow_traform/src/Makefile.am:18:   If `AC_PROG_LIBTOOL' is in `configure.ac', make sure
plugins_lgpl/plugin_delftflow_traform/src/Makefile.am:18:   its definition is in aclocal's search path.
third_party_open/triangle/Makefile.am:1: Libtool library used but `LIBTOOL' is undefined
third_party_open/triangle/Makefile.am:1:   The usual way to define `LIBTOOL' is to add `AC_PROG_LIBTOOL'
third_party_open/triangle/Makefile.am:1:   to `configure.ac' and run `aclocal' and `autoconf' again.
third_party_open/triangle/Makefile.am:1:   If `AC_PROG_LIBTOOL' is in `configure.ac', make sure
third_party_open/triangle/Makefile.am:1:   its definition is in aclocal's search path.
tools_gpl/datsel/packages/datsel_f/src/Makefile.am:2: Libtool library used but `LIBTOOL' is undefined
tools_gpl/datsel/packages/datsel_f/src/Makefile.am:2:   The usual way to define `LIBTOOL' is to add `AC_PROG_LIBTOOL'
tools_gpl/datsel/packages/datsel_f/src/Makefile.am:2:   to `configure.ac' and run `aclocal' and `autoconf' again.
tools_gpl/datsel/packages/datsel_f/src/Makefile.am:2:   If `AC_PROG_LIBTOOL' is in `configure.ac', make sure
tools_gpl/datsel/packages/datsel_f/src/Makefile.am:2:   its definition is in aclocal's search path.
tools_gpl/datsel/packages/datsel_version_number/src/Makefile.am:11: Libtool library used but `LIBTOOL' is undefined
tools_gpl/datsel/packages/datsel_version_number/src/Makefile.am:11:   The usual way to define `LIBTOOL' is to add `AC_PROG_LIBTOOL'
tools_gpl/datsel/packages/datsel_version_number/src/Makefile.am:11:   to `configure.ac' and run `aclocal' and `autoconf' again.
tools_gpl/datsel/packages/datsel_version_number/src/Makefile.am:11:   If `AC_PROG_LIBTOOL' is in `configure.ac', make sure
tools_gpl/datsel/packages/datsel_version_number/src/Makefile.am:11:   its definition is in aclocal's search path.
tools_gpl/kubint/packages/kubint_f/src/Makefile.am:2: Libtool library used but `LIBTOOL' is undefined
tools_gpl/kubint/packages/kubint_f/src/Makefile.am:2:   The usual way to define `LIBTOOL' is to add `AC_PROG_LIBTOOL'
tools_gpl/kubint/packages/kubint_f/src/Makefile.am:2:   to `configure.ac' and run `aclocal' and `autoconf' again.
tools_gpl/kubint/packages/kubint_f/src/Makefile.am:2:   If `AC_PROG_LIBTOOL' is in `configure.ac', make sure
tools_gpl/kubint/packages/kubint_f/src/Makefile.am:2:   its definition is in aclocal's search path.
tools_gpl/kubint/packages/kubint_version_number/src/Makefile.am:11: Libtool library used but `LIBTOOL' is undefined
tools_gpl/kubint/packages/kubint_version_number/src/Makefile.am:11:   The usual way to define `LIBTOOL' is to add `AC_PROG_LIBTOOL'
tools_gpl/kubint/packages/kubint_version_number/src/Makefile.am:11:   to `configure.ac' and run `aclocal' and `autoconf' again.
tools_gpl/kubint/packages/kubint_version_number/src/Makefile.am:11:   If `AC_PROG_LIBTOOL' is in `configure.ac', make sure
tools_gpl/kubint/packages/kubint_version_number/src/Makefile.am:11:   its definition is in aclocal's search path.
tools_gpl/lint/packages/lint_f/src/Makefile.am:2: Libtool library used but `LIBTOOL' is undefined
tools_gpl/lint/packages/lint_f/src/Makefile.am:2:   The usual way to define `LIBTOOL' is to add `AC_PROG_LIBTOOL'
tools_gpl/lint/packages/lint_f/src/Makefile.am:2:   to `configure.ac' and run `aclocal' and `autoconf' again.
tools_gpl/lint/packages/lint_f/src/Makefile.am:2:   If `AC_PROG_LIBTOOL' is in `configure.ac', make sure
tools_gpl/lint/packages/lint_f/src/Makefile.am:2:   its definition is in aclocal's search path.
tools_gpl/lint/packages/lint_version_number/src/Makefile.am:11: Libtool library used but `LIBTOOL' is undefined
tools_gpl/lint/packages/lint_version_number/src/Makefile.am:11:   The usual way to define `LIBTOOL' is to add `AC_PROG_LIBTOOL'
tools_gpl/lint/packages/lint_version_number/src/Makefile.am:11:   to `configure.ac' and run `aclocal' and `autoconf' again.
tools_gpl/lint/packages/lint_version_number/src/Makefile.am:11:   If `AC_PROG_LIBTOOL' is in `configure.ac', make sure
tools_gpl/lint/packages/lint_version_number/src/Makefile.am:11:   its definition is in aclocal's search path.
tools_gpl/mormerge/packages/mormerge_version_number/src/Makefile.am:11: Libtool library used but `LIBTOOL' is undefined
tools_gpl/mormerge/packages/mormerge_version_number/src/Makefile.am:11:   The usual way to define `LIBTOOL' is to add `AC_PROG_LIBTOOL'
tools_gpl/mormerge/packages/mormerge_version_number/src/Makefile.am:11:   to `configure.ac' and run `aclocal' and `autoconf' again.
tools_gpl/mormerge/packages/mormerge_version_number/src/Makefile.am:11:   If `AC_PROG_LIBTOOL' is in `configure.ac', make sure
tools_gpl/mormerge/packages/mormerge_version_number/src/Makefile.am:11:   its definition is in aclocal's search path.
configure.ac: installing `config/ylwrap'
tools_gpl/vs/packages/vs_version_number/src/Makefile.am:11: Libtool library used but `LIBTOOL' is undefined
tools_gpl/vs/packages/vs_version_number/src/Makefile.am:11:   The usual way to define `LIBTOOL' is to add `AC_PROG_LIBTOOL'
tools_gpl/vs/packages/vs_version_number/src/Makefile.am:11:   to `configure.ac' and run `aclocal' and `autoconf' again.
tools_gpl/vs/packages/vs_version_number/src/Makefile.am:11:   If `AC_PROG_LIBTOOL' is in `configure.ac', make sure
tools_gpl/vs/packages/vs_version_number/src/Makefile.am:11:   its definition is in aclocal's search path.
tools_gpl/waq_run_processes/packages/waq_run_processes_version_number/src/Makefile.am:11: Libtool library used but `LIBTOOL' is undefined
tools_gpl/waq_run_processes/packages/waq_run_processes_version_number/src/Makefile.am:11:   The usual way to define `LIBTOOL' is to add `AC_PROG_LIBTOOL'
tools_gpl/waq_run_processes/packages/waq_run_processes_version_number/src/Makefile.am:11:   to `configure.ac' and run `aclocal' and `autoconf' again.
tools_gpl/waq_run_processes/packages/waq_run_processes_version_number/src/Makefile.am:11:   If `AC_PROG_LIBTOOL' is in `configure.ac', make sure
tools_gpl/waq_run_processes/packages/waq_run_processes_version_number/src/Makefile.am:11:   its definition is in aclocal's search path.
utils_lgpl/d_hydro_lib/packages/d_hydro_lib/src/Makefile.am:13: Libtool library used but `LIBTOOL' is undefined
utils_lgpl/d_hydro_lib/packages/d_hydro_lib/src/Makefile.am:13:   The usual way to define `LIBTOOL' is to add `AC_PROG_LIBTOOL'
utils_lgpl/d_hydro_lib/packages/d_hydro_lib/src/Makefile.am:13:   to `configure.ac' and run `aclocal' and `autoconf' again.
utils_lgpl/d_hydro_lib/packages/d_hydro_lib/src/Makefile.am:13:   If `AC_PROG_LIBTOOL' is in `configure.ac', make sure
utils_lgpl/d_hydro_lib/packages/d_hydro_lib/src/Makefile.am:13:   its definition is in aclocal's search path.
utils_lgpl/delftio/packages/delftio/src/delftio_sync/Makefile.am:13: Libtool library used but `LIBTOOL' is undefined
utils_lgpl/delftio/packages/delftio/src/delftio_sync/Makefile.am:13:   The usual way to define `LIBTOOL' is to add `AC_PROG_LIBTOOL'
utils_lgpl/delftio/packages/delftio/src/delftio_sync/Makefile.am:13:   to `configure.ac' and run `aclocal' and `autoconf' again.
utils_lgpl/delftio/packages/delftio/src/delftio_sync/Makefile.am:13:   If `AC_PROG_LIBTOOL' is in `configure.ac', make sure
utils_lgpl/delftio/packages/delftio/src/delftio_sync/Makefile.am:13:   its definition is in aclocal's search path.
utils_lgpl/delftio/packages/delftio/src/diof90/Makefile.am:13: Libtool library used but `LIBTOOL' is undefined
utils_lgpl/delftio/packages/delftio/src/diof90/Makefile.am:13:   The usual way to define `LIBTOOL' is to add `AC_PROG_LIBTOOL'
utils_lgpl/delftio/packages/delftio/src/diof90/Makefile.am:13:   to `configure.ac' and run `aclocal' and `autoconf' again.
utils_lgpl/delftio/packages/delftio/src/diof90/Makefile.am:13:   If `AC_PROG_LIBTOOL' is in `configure.ac', make sure
utils_lgpl/delftio/packages/delftio/src/diof90/Makefile.am:13:   its definition is in aclocal's search path.
utils_lgpl/delftio/packages/delftio/src/diof90Nefis/Makefile.am:13: Libtool library used but `LIBTOOL' is undefined
utils_lgpl/delftio/packages/delftio/src/diof90Nefis/Makefile.am:13:   The usual way to define `LIBTOOL' is to add `AC_PROG_LIBTOOL'
utils_lgpl/delftio/packages/delftio/src/diof90Nefis/Makefile.am:13:   to `configure.ac' and run `aclocal' and `autoconf' again.
utils_lgpl/delftio/packages/delftio/src/diof90Nefis/Makefile.am:13:   If `AC_PROG_LIBTOOL' is in `configure.ac', make sure
utils_lgpl/delftio/packages/delftio/src/diof90Nefis/Makefile.am:13:   its definition is in aclocal's search path.
utils_lgpl/delftio/packages/delftio_shm/src/diof90/Makefile.am:13: Libtool library used but `LIBTOOL' is undefined
utils_lgpl/delftio/packages/delftio_shm/src/diof90/Makefile.am:13:   The usual way to define `LIBTOOL' is to add `AC_PROG_LIBTOOL'
utils_lgpl/delftio/packages/delftio_shm/src/diof90/Makefile.am:13:   to `configure.ac' and run `aclocal' and `autoconf' again.
utils_lgpl/delftio/packages/delftio_shm/src/diof90/Makefile.am:13:   If `AC_PROG_LIBTOOL' is in `configure.ac', make sure
utils_lgpl/delftio/packages/delftio_shm/src/diof90/Makefile.am:13:   its definition is in aclocal's search path.
utils_lgpl/delftonline/src/delftonline/Makefile.am:11: Libtool library used but `LIBTOOL' is undefined
utils_lgpl/delftonline/src/delftonline/Makefile.am:11:   The usual way to define `LIBTOOL' is to add `AC_PROG_LIBTOOL'
utils_lgpl/delftonline/src/delftonline/Makefile.am:11:   to `configure.ac' and run `aclocal' and `autoconf' again.
utils_lgpl/delftonline/src/delftonline/Makefile.am:11:   If `AC_PROG_LIBTOOL' is in `configure.ac', make sure
utils_lgpl/delftonline/src/delftonline/Makefile.am:11:   its definition is in aclocal's search path.
utils_lgpl/deltares_common/packages/deltares_common/src/Makefile.am:17: Libtool library used but `LIBTOOL' is undefined
utils_lgpl/deltares_common/packages/deltares_common/src/Makefile.am:17:   The usual way to define `LIBTOOL' is to add `AC_PROG_LIBTOOL'
utils_lgpl/deltares_common/packages/deltares_common/src/Makefile.am:17:   to `configure.ac' and run `aclocal' and `autoconf' again.
utils_lgpl/deltares_common/packages/deltares_common/src/Makefile.am:17:   If `AC_PROG_LIBTOOL' is in `configure.ac', make sure
utils_lgpl/deltares_common/packages/deltares_common/src/Makefile.am:17:   its definition is in aclocal's search path.
utils_lgpl/deltares_common/packages/deltares_common/src/rd_token/Makefile.am:9: Libtool library used but `LIBTOOL' is undefined
utils_lgpl/deltares_common/packages/deltares_common/src/rd_token/Makefile.am:9:   The usual way to define `LIBTOOL' is to add `AC_PROG_LIBTOOL'
utils_lgpl/deltares_common/packages/deltares_common/src/rd_token/Makefile.am:9:   to `configure.ac' and run `aclocal' and `autoconf' again.
utils_lgpl/deltares_common/packages/deltares_common/src/rd_token/Makefile.am:9:   If `AC_PROG_LIBTOOL' is in `configure.ac', make sure
utils_lgpl/deltares_common/packages/deltares_common/src/rd_token/Makefile.am:9:   its definition is in aclocal's search path.
utils_lgpl/deltares_common/packages/deltares_common_c/src/Makefile.am:13: Libtool library used but `LIBTOOL' is undefined
utils_lgpl/deltares_common/packages/deltares_common_c/src/Makefile.am:13:   The usual way to define `LIBTOOL' is to add `AC_PROG_LIBTOOL'
utils_lgpl/deltares_common/packages/deltares_common_c/src/Makefile.am:13:   to `configure.ac' and run `aclocal' and `autoconf' again.
utils_lgpl/deltares_common/packages/deltares_common_c/src/Makefile.am:13:   If `AC_PROG_LIBTOOL' is in `configure.ac', make sure
utils_lgpl/deltares_common/packages/deltares_common_c/src/Makefile.am:13:   its definition is in aclocal's search path.
utils_lgpl/ec_module/packages/ec_module/src/Makefile.am:18: Libtool library used but `LIBTOOL' is undefined
utils_lgpl/ec_module/packages/ec_module/src/Makefile.am:18:   The usual way to define `LIBTOOL' is to add `AC_PROG_LIBTOOL'
utils_lgpl/ec_module/packages/ec_module/src/Makefile.am:18:   to `configure.ac' and run `aclocal' and `autoconf' again.
utils_lgpl/ec_module/packages/ec_module/src/Makefile.am:18:   If `AC_PROG_LIBTOOL' is in `configure.ac', make sure
utils_lgpl/ec_module/packages/ec_module/src/Makefile.am:18:   its definition is in aclocal's search path.
utils_lgpl/ec_module/packages/ec_module/src/meteo/Makefile.am:13: Libtool library used but `LIBTOOL' is undefined
utils_lgpl/ec_module/packages/ec_module/src/meteo/Makefile.am:13:   The usual way to define `LIBTOOL' is to add `AC_PROG_LIBTOOL'
utils_lgpl/ec_module/packages/ec_module/src/meteo/Makefile.am:13:   to `configure.ac' and run `aclocal' and `autoconf' again.
utils_lgpl/ec_module/packages/ec_module/src/meteo/Makefile.am:13:   If `AC_PROG_LIBTOOL' is in `configure.ac', make sure
utils_lgpl/ec_module/packages/ec_module/src/meteo/Makefile.am:13:   its definition is in aclocal's search path.
utils_lgpl/esmfsm/packages/esmfsm/src/fsm/Makefile.am:13: Libtool library used but `LIBTOOL' is undefined
utils_lgpl/esmfsm/packages/esmfsm/src/fsm/Makefile.am:13:   The usual way to define `LIBTOOL' is to add `AC_PROG_LIBTOOL'
utils_lgpl/esmfsm/packages/esmfsm/src/fsm/Makefile.am:13:   to `configure.ac' and run `aclocal' and `autoconf' again.
utils_lgpl/esmfsm/packages/esmfsm/src/fsm/Makefile.am:13:   If `AC_PROG_LIBTOOL' is in `configure.ac', make sure
utils_lgpl/esmfsm/packages/esmfsm/src/fsm/Makefile.am:13:   its definition is in aclocal's search path.
utils_lgpl/esmfsm/packages/esmfsm_c/src/esm/Makefile.am:13: Libtool library used but `LIBTOOL' is undefined
utils_lgpl/esmfsm/packages/esmfsm_c/src/esm/Makefile.am:13:   The usual way to define `LIBTOOL' is to add `AC_PROG_LIBTOOL'
utils_lgpl/esmfsm/packages/esmfsm_c/src/esm/Makefile.am:13:   to `configure.ac' and run `aclocal' and `autoconf' again.
utils_lgpl/esmfsm/packages/esmfsm_c/src/esm/Makefile.am:13:   If `AC_PROG_LIBTOOL' is in `configure.ac', make sure
utils_lgpl/esmfsm/packages/esmfsm_c/src/esm/Makefile.am:13:   its definition is in aclocal's search path.
utils_lgpl/esmfsm/packages/esmfsm_c/src/fsm/Makefile.am:13: Libtool library used but `LIBTOOL' is undefined
utils_lgpl/esmfsm/packages/esmfsm_c/src/fsm/Makefile.am:13:   The usual way to define `LIBTOOL' is to add `AC_PROG_LIBTOOL'
utils_lgpl/esmfsm/packages/esmfsm_c/src/fsm/Makefile.am:13:   to `configure.ac' and run `aclocal' and `autoconf' again.
utils_lgpl/esmfsm/packages/esmfsm_c/src/fsm/Makefile.am:13:   If `AC_PROG_LIBTOOL' is in `configure.ac', make sure
utils_lgpl/esmfsm/packages/esmfsm_c/src/fsm/Makefile.am:13:   its definition is in aclocal's search path.
utils_lgpl/esmfsm/packages/esmfsm_version_number/src/Makefile.am:11: Libtool library used but `LIBTOOL' is undefined
utils_lgpl/esmfsm/packages/esmfsm_version_number/src/Makefile.am:11:   The usual way to define `LIBTOOL' is to add `AC_PROG_LIBTOOL'
utils_lgpl/esmfsm/packages/esmfsm_version_number/src/Makefile.am:11:   to `configure.ac' and run `aclocal' and `autoconf' again.
utils_lgpl/esmfsm/packages/esmfsm_version_number/src/Makefile.am:11:   If `AC_PROG_LIBTOOL' is in `configure.ac', make sure
utils_lgpl/esmfsm/packages/esmfsm_version_number/src/Makefile.am:11:   its definition is in aclocal's search path.
utils_lgpl/ftnunit/packages/ftnunit/src/Makefile.am:10: Libtool library used but `LIBTOOL' is undefined
utils_lgpl/ftnunit/packages/ftnunit/src/Makefile.am:10:   The usual way to define `LIBTOOL' is to add `AC_PROG_LIBTOOL'
utils_lgpl/ftnunit/packages/ftnunit/src/Makefile.am:10:   to `configure.ac' and run `aclocal' and `autoconf' again.
utils_lgpl/ftnunit/packages/ftnunit/src/Makefile.am:10:   If `AC_PROG_LIBTOOL' is in `configure.ac', make sure
utils_lgpl/ftnunit/packages/ftnunit/src/Makefile.am:10:   its definition is in aclocal's search path.
utils_lgpl/nefis/packages/nefis/src/Makefile.am:13: Libtool library used but `LIBTOOL' is undefined
utils_lgpl/nefis/packages/nefis/src/Makefile.am:13:   The usual way to define `LIBTOOL' is to add `AC_PROG_LIBTOOL'
utils_lgpl/nefis/packages/nefis/src/Makefile.am:13:   to `configure.ac' and run `aclocal' and `autoconf' again.
utils_lgpl/nefis/packages/nefis/src/Makefile.am:13:   If `AC_PROG_LIBTOOL' is in `configure.ac', make sure
utils_lgpl/nefis/packages/nefis/src/Makefile.am:13:   its definition is in aclocal's search path.
utils_lgpl/nefis/packages/nefis/src_so/Makefile.am:11: Libtool library used but `LIBTOOL' is undefined
utils_lgpl/nefis/packages/nefis/src_so/Makefile.am:11:   The usual way to define `LIBTOOL' is to add `AC_PROG_LIBTOOL'
utils_lgpl/nefis/packages/nefis/src_so/Makefile.am:11:   to `configure.ac' and run `aclocal' and `autoconf' again.
utils_lgpl/nefis/packages/nefis/src_so/Makefile.am:11:   If `AC_PROG_LIBTOOL' is in `configure.ac', make sure
utils_lgpl/nefis/packages/nefis/src_so/Makefile.am:11:   its definition is in aclocal's search path.
utils_lgpl/ods/packages/ods/src/Makefile.am:3: Libtool library used but `LIBTOOL' is undefined
utils_lgpl/ods/packages/ods/src/Makefile.am:3:   The usual way to define `LIBTOOL' is to add `AC_PROG_LIBTOOL'
utils_lgpl/ods/packages/ods/src/Makefile.am:3:   to `configure.ac' and run `aclocal' and `autoconf' again.
utils_lgpl/ods/packages/ods/src/Makefile.am:3:   If `AC_PROG_LIBTOOL' is in `configure.ac', make sure
utils_lgpl/ods/packages/ods/src/Makefile.am:3:   its definition is in aclocal's search path.
autoreconf: automake failed with exit status: 1
Warning: autoreconf failed
Attempting to run the preparation steps individually

Preparing build ... aclocal  -I m4 

Searching for AC_PROG_LIBTOOL in ./configure.ac
Searching for AM_PROG_LIBTOOL in ./configure.ac
Searching for LT_INIT in ./configure.ac
libtoolize --automake -c -f

aclocal  -I m4 


autoconf -f

Searching for AM_CONFIG_HEADER in ./configure.ac
Searching for AC_CONFIG_HEADER in ./configure.ac
autoheader 

Searching for AM_INIT_AUTOMAKE in ./configure.ac
automake -a -c -f

rm -f COPYING.12530.protect_from_automake.backup

Restoring INSTALL from backup (automake -f likely clobbered it)
rm -f INSTALL
mv INSTALL.12530.protect_from_automake.backup INSTALL
rm -f INSTALL.12530.protect_from_automake.backup
rm -f "config/config.guess.backup"
rm -f "config/config.sub.backup"
rm -f "config/ltmain.sh.backup"
done

The Delft3D build system is now prepared.  To build here, run:
  ./configure
  make
rm -f "config/config.guess.backup"
rm -f "config/config.sub.backup"
rm -f "config/ltmain.sh.backup"
