checking build system type... x86_64-unknown-linux-gnu
checking host system type... x86_64-unknown-linux-gnu
checking target system type... x86_64-unknown-linux-gnu
checking for a BSD-compatible install... /usr/bin/install -c
checking whether build environment is sane... yes
checking for a thread-safe mkdir -p... /bin/mkdir -p
checking for gawk... gawk
checking whether make sets $(MAKE)... yes
checking for icpc... icpc
checking whether the C++ compiler works... yes
checking for C++ compiler default output file name... a.out
checking for suffix of executables... 
checking whether we are cross compiling... no
checking for suffix of object files... o
checking whether we are using the GNU C++ compiler... yes
checking whether icpc accepts -g... yes
checking for style of include used by make... GNU
checking dependency style of icpc... gcc3
checking for icc... icc
checking whether we are using the GNU C compiler... yes
checking whether icc accepts -g... yes
checking for icc option to accept ISO C89... none needed
checking dependency style of icc... gcc3
checking for icc option to accept ISO C99... -std=c99
checking how to run the C preprocessor... icc -std=c99 -E
checking how to print strings... printf
checking for a sed that does not truncate output... /bin/sed
checking for grep that handles long lines and -e... /bin/grep
checking for egrep... /bin/grep -E
checking for fgrep... /bin/grep -F
checking for ld used by icc -std=c99... /usr/bin/ld
checking if the linker (/usr/bin/ld) is GNU ld... yes
checking for BSD- or MS-compatible name lister (nm)... /usr/bin/nm -B
checking the name lister (/usr/bin/nm -B) interface... BSD nm
checking whether ln -s works... yes
checking the maximum length of command line arguments... 98304
checking whether the shell understands some XSI constructs... yes
checking whether the shell understands "+="... yes
checking how to convert x86_64-unknown-linux-gnu file names to x86_64-unknown-linux-gnu format... func_convert_file_noop
checking how to convert x86_64-unknown-linux-gnu file names to toolchain format... func_convert_file_noop
checking for /usr/bin/ld option to reload object files... -r
checking for objdump... objdump
checking how to recognize dependent libraries... pass_all
checking for dlltool... no
checking how to associate runtime and link libraries... printf %s\n
checking for ar... ar
checking for archiver @FILE support... @
checking for strip... strip
checking for ranlib... ranlib
checking command to parse /usr/bin/nm -B output from icc -std=c99 object... ok
checking for sysroot... no
checking for mt... no
checking if : is a manifest tool... no
checking for ANSI C header files... yes
checking for sys/types.h... yes
checking for sys/stat.h... yes
checking for stdlib.h... yes
checking for string.h... yes
checking for memory.h... yes
checking for strings.h... yes
checking for inttypes.h... yes
checking for stdint.h... yes
checking for unistd.h... yes
checking for dlfcn.h... yes
checking for objdir... .libs
checking if icc -std=c99 supports -fno-rtti -fno-exceptions... yes
checking for icc -std=c99 option to produce PIC... -fPIC -DPIC
checking if icc -std=c99 PIC flag -fPIC -DPIC works... yes
checking if icc -std=c99 static flag -static works... yes
checking if icc -std=c99 supports -c -o file.o... yes
checking if icc -std=c99 supports -c -o file.o... (cached) yes
checking whether the icc -std=c99 linker (/usr/bin/ld -m elf_x86_64) supports shared libraries... yes
checking whether -lc should be explicitly linked in... no
checking dynamic linker characteristics... GNU/Linux ld.so
checking how to hardcode library paths into programs... immediate
checking whether stripping libraries is possible... yes
checking if libtool supports shared libraries... yes
checking whether to build shared libraries... yes
checking whether to build static libraries... yes
checking how to run the C++ preprocessor... icpc -E
checking for ld used by icpc... /usr/bin/ld -m elf_x86_64
checking if the linker (/usr/bin/ld -m elf_x86_64) is GNU ld... yes
checking whether the icpc linker (/usr/bin/ld -m elf_x86_64) supports shared libraries... yes
checking for icpc option to produce PIC... -fPIC -DPIC
checking if icpc PIC flag -fPIC -DPIC works... yes
checking if icpc static flag -static works... yes
checking if icpc supports -c -o file.o... yes
checking if icpc supports -c -o file.o... (cached) yes
checking whether the icpc linker (/usr/bin/ld -m elf_x86_64) supports shared libraries... yes
checking dynamic linker characteristics... (cached) GNU/Linux ld.so
checking how to hardcode library paths into programs... immediate
checking whether ln -s works... yes
checking whether make sets $(MAKE)... (cached) yes
checking for bison... bison -y
checking for flex... flex
checking lex output file root... lex.yy
checking lex library... -lfl
checking whether yytext is a pointer... yes
checking for flex... flex
checking for bison... bison -y
checking for openmpic++... no
checking for mpic++... mpic++
checking for MPI_Init... yes
checking for mpi.h... yes
checking for strdup... yes
checking for vsnprintf... yes
checking whether to enable dolcli... no
checking for ifort... ifort
checking whether we are using the GNU Fortran compiler... no
checking whether ifort accepts -g... yes
checking if libtool supports shared libraries... yes
checking whether to build shared libraries... yes
checking whether to build static libraries... yes
checking for ifort option to produce PIC... -fPIC
checking if ifort PIC flag -fPIC works... yes
checking if ifort static flag -static works... yes
checking if ifort supports -c -o file.o... yes
checking if ifort supports -c -o file.o... (cached) yes
checking whether the ifort linker (/usr/bin/ld -m elf_x86_64) supports shared libraries... yes
checking dynamic linker characteristics... (cached) GNU/Linux ld.so
checking how to hardcode library paths into programs... immediate
checking how to get verbose linking output from ifort... -v
checking for Fortran libraries of ifort...  -L/opt/intel/Compiler/11.1/072/lib/intel64 -L/opt/gcc-4.6.2/lib/gcc/x86_64-unknown-linux-gnu/4.6.2 -L/opt/gcc-4.6.2/lib/gcc/x86_64-unknown-linux-gnu/4.6.2/../../../../lib64 -L/lib/../lib64 -L/usr/lib/../lib64 -L/opt/gcc-4.6.2/lib/gcc/x86_64-unknown-linux-gnu/4.6.2/../../.. -L/lib64 -L/lib -L/usr/lib64 -L/usr/lib -lifport -lifcoremt -limf -lsvml -lm -lipgo -lirc -lpthread -lirc_s -ldl
checking for ifort option to support OpenMP... -openmp
checking for openmpif90... /opt/mpich2-1.0.8-intel64-PIC/bin/mpif90
checking for mpif.h... yes
checking for dummy main to link with Fortran libraries... none
checking for Fortran name-mangling scheme... lower case, underscore, no extra underscore
checking for Fortran flag to compile .f90 files... none
checking for Fortran flag needed to accept free-form source... none
checking for Fortran flag needed to accept unlimited column source lines... none
checking whether ifort supports writing in form "binary" features... yes
checking whether ifort supports shared specifier in open statement... yes
checking for Fortran flag needed to preprocess source... -fpp
checking for ifort... ifort
checking whether we are using the GNU Fortran 77 compiler... no
checking whether ifort accepts -g... yes
checking if libtool supports shared libraries... yes
checking whether to build shared libraries... yes
checking whether to build static libraries... yes
checking for ifort option to produce PIC... -fPIC
checking if ifort PIC flag -fPIC works... yes
checking if ifort static flag -static works... yes
checking if ifort supports -c -o file.o... yes
checking if ifort supports -c -o file.o... (cached) yes
checking whether the ifort linker (/usr/bin/ld -m elf_x86_64) supports shared libraries... yes
checking dynamic linker characteristics... (cached) GNU/Linux ld.so
checking how to hardcode library paths into programs... immediate
checking how to get verbose linking output from ifort... -v
checking for Fortran 77 libraries of ifort...  -L/opt/intel/Compiler/11.1/072/lib/intel64 -L/opt/gcc-4.6.2/lib/gcc/x86_64-unknown-linux-gnu/4.6.2 -L/opt/gcc-4.6.2/lib/gcc/x86_64-unknown-linux-gnu/4.6.2/../../../../lib64 -L/lib/../lib64 -L/usr/lib/../lib64 -L/opt/gcc-4.6.2/lib/gcc/x86_64-unknown-linux-gnu/4.6.2/../../.. -L/lib64 -L/lib -L/usr/lib64 -L/usr/lib -lifport -lifcoremt -limf -lsvml -lm -lipgo -lirc -lpthread -lirc_s -ldl
checking for Fortran flag needed to accept 132 column source lines... -132
checking for ifort option to support OpenMP... -openmp
checking whether ifort supports shared specifier in open statement... no
checking whether using Fortran preset flags... yes
checking whether to disable double support... no
checking for ANSI C header files... (cached) yes
checking libgen.h usability... yes
checking libgen.h presence... yes
checking for libgen.h... yes
checking arpa/inet.h usability... yes
checking arpa/inet.h presence... yes
checking for arpa/inet.h... yes
checking fcntl.h usability... yes
checking fcntl.h presence... yes
checking for fcntl.h... yes
checking netdb.h usability... yes
checking netdb.h presence... yes
checking for netdb.h... yes
checking netinet/in.h usability... yes
checking netinet/in.h presence... yes
checking for netinet/in.h... yes
checking for stdlib.h... (cached) yes
checking for string.h... (cached) yes
checking sys/socket.h usability... yes
checking sys/socket.h presence... yes
checking for sys/socket.h... yes
checking sys/time.h usability... yes
checking sys/time.h presence... yes
checking for sys/time.h... yes
checking errno.h usability... yes
checking errno.h presence... yes
checking for errno.h... yes
checking for unistd.h... (cached) yes
checking malloc.h usability... yes
checking malloc.h presence... yes
checking for malloc.h... yes
checking malloc/malloc.h usability... no
checking malloc/malloc.h presence... no
checking for malloc/malloc.h... no
checking sys/ipc.h usability... yes
checking sys/ipc.h presence... yes
checking for sys/ipc.h... yes
checking sys/shm.h usability... yes
checking sys/shm.h presence... yes
checking for sys/shm.h... yes
checking for main in -lstdc++... yes
checking for struct shm_info... no
checking expat.h usability... yes
checking expat.h presence... yes
checking for expat.h... yes
checking for XML_Parse in -lexpat... yes
checking for clock_gettime in -lrt... yes
checking for vprintf... yes
checking for _doprnt... no
checking for the pthreads library -lpthreads... no
checking whether pthreads work without any flags... yes
checking for joinable pthread attribute... PTHREAD_CREATE_JOINABLE
checking if more special flags are required for pthreads... no
checking for stdbool.h that conforms to C99... yes
checking for _Bool... yes
checking for an ANSI C-conforming const... yes
checking for pid_t... yes
checking for size_t... yes
checking whether time.h and sys/time.h may both be included... yes
checking for error_at_line... yes
checking vfork.h usability... no
checking vfork.h presence... no
checking for vfork.h... no
checking for fork... yes
checking for vfork... yes
checking for working fork... yes
checking for working vfork... (cached) yes
checking for stdlib.h... (cached) yes
checking for GNU libc compatible malloc... yes
checking whether sys/types.h defines makedev... no
checking sys/mkdev.h usability... no
checking sys/mkdev.h presence... no
checking for sys/mkdev.h... no
checking sys/sysmacros.h usability... yes
checking sys/sysmacros.h presence... yes
checking for sys/sysmacros.h... yes
checking for stdlib.h... (cached) yes
checking for GNU libc compatible realloc... yes
checking for vprintf... (cached) yes
checking for _doprnt... (cached) no
checking for gethostname... yes
checking for gettimeofday... yes
checking for memset... yes
checking for strerror... yes
configure: creating ./config.lt
config.lt: creating libtool
checking for the extension of Delft3D plugins... .so
configure: creating ./config.status
config.status: creating Makefile
config.status: creating engines_gpl/d_hydro/Makefile
config.status: creating engines_gpl/d_hydro/packages/d_hydro/Makefile
config.status: creating engines_gpl/d_hydro/packages/d_hydro/src/Makefile
config.status: creating engines_gpl/d_hydro/packages/Makefile
config.status: creating engines_gpl/flow2d3d/Makefile
config.status: creating engines_gpl/flow2d3d/packages/data/Makefile
config.status: creating engines_gpl/flow2d3d/packages/data/src/allocation/Makefile
config.status: creating engines_gpl/flow2d3d/packages/data/src/basics/Makefile
config.status: creating engines_gpl/flow2d3d/packages/data/src/gdp/Makefile
config.status: creating engines_gpl/flow2d3d/packages/data/src/general/Makefile
config.status: creating engines_gpl/flow2d3d/packages/data/src/Makefile
config.status: creating engines_gpl/flow2d3d/packages/data/src/parallel_mpi/Makefile
config.status: creating engines_gpl/flow2d3d/packages/flow2d3d/Makefile
config.status: creating engines_gpl/flow2d3d/packages/flow2d3d/src/dd/iterators/Makefile
config.status: creating engines_gpl/flow2d3d/packages/flow2d3d/src/dd/Makefile
config.status: creating engines_gpl/flow2d3d/packages/flow2d3d/src/dd/mapper/Makefile
config.status: creating engines_gpl/flow2d3d/packages/flow2d3d/src/Makefile
config.status: creating engines_gpl/flow2d3d/packages/flow2d3d_openda/Makefile
config.status: creating engines_gpl/flow2d3d/packages/flow2d3d_openda/src/Makefile
config.status: creating engines_gpl/flow2d3d/packages/io/Makefile
config.status: creating engines_gpl/flow2d3d/packages/io/src/input/Makefile
config.status: creating engines_gpl/flow2d3d/packages/io/src/Makefile
config.status: creating engines_gpl/flow2d3d/packages/io/src/output/Makefile
config.status: creating engines_gpl/flow2d3d/packages/io/src/preprocessor/Makefile
config.status: creating engines_gpl/flow2d3d/packages/io_dol_f/Makefile
config.status: creating engines_gpl/flow2d3d/packages/io_dol_f/src/Makefile
config.status: creating engines_gpl/flow2d3d/packages/kernel/Makefile
config.status: creating engines_gpl/flow2d3d/packages/kernel/src/compute/Makefile
config.status: creating engines_gpl/flow2d3d/packages/kernel/src/compute_nearfar/Makefile
config.status: creating engines_gpl/flow2d3d/packages/kernel/src/compute_roller/Makefile
config.status: creating engines_gpl/flow2d3d/packages/kernel/src/compute_sediment/Makefile
config.status: creating engines_gpl/flow2d3d/packages/kernel/src/dd/Makefile
config.status: creating engines_gpl/flow2d3d/packages/kernel/src/general/Makefile
config.status: creating engines_gpl/flow2d3d/packages/kernel/src/inichk/Makefile
config.status: creating engines_gpl/flow2d3d/packages/kernel/src/main/Makefile
config.status: creating engines_gpl/flow2d3d/packages/kernel/src/Makefile
config.status: creating engines_gpl/flow2d3d/packages/kernel/src/non_hydro/Makefile
config.status: creating engines_gpl/flow2d3d/packages/kernel/src/taylor/Makefile
config.status: creating engines_gpl/flow2d3d/packages/kernel/src/timedep/Makefile
config.status: creating engines_gpl/flow2d3d/packages/kernel_dd_f/Makefile
config.status: creating engines_gpl/flow2d3d/packages/kernel_dd_f/src/Makefile
config.status: creating engines_gpl/flow2d3d/packages/Makefile
config.status: creating engines_gpl/flow2d3d/packages/manager/Makefile
config.status: creating engines_gpl/flow2d3d/packages/manager/src/Makefile
config.status: creating engines_gpl/flow2d3d/packages/plugin_3dmortrafrm_c/Makefile
config.status: creating engines_gpl/flow2d3d/packages/plugin_3dmortrafrm_c/src/Makefile
config.status: creating engines_gpl/flow2d3d/packages/plugin_user/Makefile
config.status: creating engines_gpl/flow2d3d/packages/plugin_user/src/Makefile
config.status: creating engines_gpl/Makefile
config.status: creating engines/Makefile
config.status: creating engines/part/Makefile
config.status: creating engines/part/packages/data_f/Makefile
config.status: creating engines/part/packages/data_f/src/Makefile
config.status: creating engines/part/packages/io_f/Makefile
config.status: creating engines/part/packages/io_f/src/Makefile
config.status: creating engines/part/packages/kernel_c/Makefile
config.status: creating engines/part/packages/kernel_c/src/Makefile
config.status: creating engines/part/packages/kernel_f/Makefile
config.status: creating engines/part/packages/kernel_f/src/Makefile
config.status: creating engines/part/packages/version_number/Makefile
config.status: creating engines/part/packages/version_number/src/Makefile
config.status: creating engines/part/packages/Makefile
config.status: creating engines/part/packages/utils_f/Makefile
config.status: creating engines/part/packages/utils_f/src/Makefile
config.status: creating engines_gpl/waq/Makefile
config.status: creating engines_gpl/waq/packages/delwaq1/Makefile
config.status: creating engines_gpl/waq/packages/delwaq1/src/Makefile
config.status: creating engines_gpl/waq/packages/delwaq1_lib/Makefile
config.status: creating engines_gpl/waq/packages/delwaq1_lib/src/Makefile
config.status: creating engines_gpl/waq/packages/delwaq1_version_number/Makefile
config.status: creating engines_gpl/waq/packages/delwaq1_version_number/src/Makefile
config.status: creating engines_gpl/waq/packages/delwaq2/Makefile
config.status: creating engines_gpl/waq/packages/delwaq2/src/Makefile
config.status: creating engines_gpl/waq/packages/delwaq2_lib/Makefile
config.status: creating engines_gpl/waq/packages/delwaq2_lib/src/Makefile
config.status: creating engines_gpl/waq/packages/delwaq2_version_number/Makefile
config.status: creating engines_gpl/waq/packages/delwaq2_version_number/src/Makefile
config.status: creating engines_gpl/waq/packages/Makefile
config.status: creating engines_gpl/waq/packages/waq_data/Makefile
config.status: creating engines_gpl/waq/packages/waq_data/src/Makefile
config.status: creating engines_gpl/waq/packages/waq_data/src/proc_data/Makefile
config.status: creating engines_gpl/waq/packages/waq_data/src/waq_data/Makefile
config.status: creating engines_gpl/waq/packages/waq_io/Makefile
config.status: creating engines_gpl/waq/packages/waq_io/src/Makefile
config.status: creating engines_gpl/waq/packages/waq_io/src/mpidum/Makefile
config.status: creating engines_gpl/waq/packages/waq_io/src/ods/Makefile
config.status: creating engines_gpl/waq/packages/waq_io/src/proc_preprocess/Makefile
config.status: creating engines_gpl/waq/packages/waq_io/src/waq_io/Makefile
config.status: creating engines_gpl/waq/packages/waq_kernel/Makefile
config.status: creating engines_gpl/waq/packages/waq_kernel/src/bloom/Makefile
config.status: creating engines_gpl/waq/packages/waq_kernel/src/charon/Makefile
config.status: creating engines_gpl/waq/packages/waq_kernel/src/Makefile
config.status: creating engines_gpl/waq/packages/waq_kernel/src/waq_kernel/Makefile
config.status: creating engines_gpl/waq/packages/waq_kernel/src/waq_process/Makefile
config.status: creating engines_gpl/waq/packages/waq_plugin_wasteload/Makefile
config.status: creating engines_gpl/waq/packages/waq_plugin_wasteload/src/Makefile
config.status: creating engines_gpl/waq/packages/waq_utils_c/Makefile
config.status: creating engines_gpl/waq/packages/waq_utils_c/src/Makefile
config.status: creating engines_gpl/waq/packages/waq_utils_f/Makefile
config.status: creating engines_gpl/waq/packages/waq_utils_f/src/interact/Makefile
config.status: creating engines_gpl/waq/packages/waq_utils_f/src/Makefile
config.status: creating engines_gpl/waq/packages/waq_utils_f/src/mod_couplib/Makefile
config.status: creating engines_gpl/waq/packages/waq_utils_f/src/mod_timings/Makefile
config.status: creating engines_gpl/waq/packages/waq_utils_f/src/waq_utils/Makefile
config.status: creating engines_gpl/wave/Makefile
config.status: creating engines_gpl/wave/packages/data/Makefile
config.status: creating engines_gpl/wave/packages/data/src/Makefile
config.status: creating engines_gpl/wave/packages/io/Makefile
config.status: creating engines_gpl/wave/packages/io/src/Makefile
config.status: creating engines_gpl/wave/packages/kernel/Makefile
config.status: creating engines_gpl/wave/packages/kernel/src/Makefile
config.status: creating engines_gpl/wave/packages/Makefile
config.status: creating engines_gpl/wave/packages/manager/Makefile
config.status: creating engines_gpl/wave/packages/manager/src/Makefile
config.status: creating engines_gpl/wave/packages/wave/Makefile
config.status: creating engines_gpl/wave/packages/wave/src/Makefile
config.status: creating plugins_lgpl/Makefile
config.status: creating plugins_lgpl/plugin_culvert/Makefile
config.status: creating plugins_lgpl/plugin_culvert/src/Makefile
config.status: creating plugins_lgpl/plugin_delftflow_traform/Makefile
config.status: creating plugins_lgpl/plugin_delftflow_traform/src/Makefile
config.status: creating scripts_lgpl/linux/Makefile
config.status: creating scripts_lgpl/Makefile
config.status: creating third_party_open/Makefile
config.status: creating third_party_open/triangle/Makefile
config.status: creating third_party_open/version_number/Makefile
config.status: creating third_party_open/version_number/packages/Makefile
config.status: creating third_party_open/version_number/packages/version_number/Makefile
config.status: creating third_party_open/version_number/packages/version_number/src/Makefile
config.status: creating tools_gpl/datsel/Makefile
config.status: creating tools_gpl/datsel/packages/datsel/Makefile
config.status: creating tools_gpl/datsel/packages/datsel/src/Makefile
config.status: creating tools_gpl/datsel/packages/datsel_f/Makefile
config.status: creating tools_gpl/datsel/packages/datsel_f/src/Makefile
config.status: creating tools_gpl/datsel/packages/datsel_version_number/Makefile
config.status: creating tools_gpl/datsel/packages/datsel_version_number/src/Makefile
config.status: creating tools_gpl/datsel/packages/Makefile
config.status: creating tools_gpl/kubint/Makefile
config.status: creating tools_gpl/kubint/packages/kubint/Makefile
config.status: creating tools_gpl/kubint/packages/kubint/src/Makefile
config.status: creating tools_gpl/kubint/packages/kubint_f/Makefile
config.status: creating tools_gpl/kubint/packages/kubint_f/src/Makefile
config.status: creating tools_gpl/kubint/packages/kubint_version_number/Makefile
config.status: creating tools_gpl/kubint/packages/kubint_version_number/src/Makefile
config.status: creating tools_gpl/kubint/packages/Makefile
config.status: creating tools_gpl/lint/Makefile
config.status: creating tools_gpl/lint/packages/lint/Makefile
config.status: creating tools_gpl/lint/packages/lint/src/Makefile
config.status: creating tools_gpl/lint/packages/lint_f/Makefile
config.status: creating tools_gpl/lint/packages/lint_f/src/Makefile
config.status: creating tools_gpl/lint/packages/lint_version_number/Makefile
config.status: creating tools_gpl/lint/packages/lint_version_number/src/Makefile
config.status: creating tools_gpl/lint/packages/Makefile
config.status: creating tools_gpl/Makefile
config.status: creating tools_gpl/mormerge/Makefile
config.status: creating tools_gpl/mormerge/packages/Makefile
config.status: creating tools_gpl/mormerge/packages/mormerge/Makefile
config.status: creating tools_gpl/mormerge/packages/mormerge/src/Makefile
config.status: creating tools_gpl/mormerge/packages/mormerge_version_number/Makefile
config.status: creating tools_gpl/mormerge/packages/mormerge_version_number/src/Makefile
config.status: creating tools_gpl/nesthd1/Makefile
config.status: creating tools_gpl/nesthd1/packages/Makefile
config.status: creating tools_gpl/nesthd1/packages/nesthd1/Makefile
config.status: creating tools_gpl/nesthd1/packages/nesthd1/src/Makefile
config.status: creating tools_gpl/nesthd2/Makefile
config.status: creating tools_gpl/nesthd2/packages/Makefile
config.status: creating tools_gpl/nesthd2/packages/nesthd2/Makefile
config.status: creating tools_gpl/nesthd2/packages/nesthd2/src/Makefile
config.status: creating tools_gpl/vs/Makefile
config.status: creating tools_gpl/vs/packages/Makefile
config.status: creating tools_gpl/vs/packages/vs/Makefile
config.status: creating tools_gpl/vs/packages/vs/src/Makefile
config.status: creating tools_gpl/vs/packages/vs_version_number/Makefile
config.status: creating tools_gpl/vs/packages/vs_version_number/src/Makefile
config.status: creating tools_gpl/waq_run_processes/Makefile
config.status: creating tools_gpl/waq_run_processes/packages/Makefile
config.status: creating tools_gpl/waq_run_processes/packages/waq_run_processes/Makefile
config.status: creating tools_gpl/waq_run_processes/packages/waq_run_processes/src/Makefile
config.status: creating tools_gpl/waq_run_processes/packages/waq_run_processes_version_number/Makefile
config.status: creating tools_gpl/waq_run_processes/packages/waq_run_processes_version_number/src/Makefile
config.status: creating utils_lgpl/d_hydro_lib/Makefile
config.status: creating utils_lgpl/d_hydro_lib/packages/d_hydro_lib/Makefile
config.status: creating utils_lgpl/d_hydro_lib/packages/d_hydro_lib/src/Makefile
config.status: creating utils_lgpl/d_hydro_lib/packages/Makefile
config.status: creating utils_lgpl/delftio/Makefile
config.status: creating utils_lgpl/delftio/packages/delftio/Makefile
config.status: creating utils_lgpl/delftio/packages/delftio/src/diof90/Makefile
config.status: creating utils_lgpl/delftio/packages/delftio/src/diof90Nefis/Makefile
config.status: creating utils_lgpl/delftio/packages/delftio/src/Makefile
config.status: creating utils_lgpl/delftio/packages/delftio/src/delftio_sync/Makefile
config.status: creating utils_lgpl/delftio/packages/delftio_shm/Makefile
config.status: creating utils_lgpl/delftio/packages/delftio_shm/src/diof90/Makefile
config.status: creating utils_lgpl/delftio/packages/delftio_shm/src/Makefile
config.status: creating utils_lgpl/delftio/packages/Makefile
config.status: creating utils_lgpl/delftonline/Makefile
config.status: creating utils_lgpl/delftonline/src/delftonline/Makefile
config.status: creating utils_lgpl/delftonline/src/dolcli/Makefile
config.status: creating utils_lgpl/delftonline/src/dolprint/Makefile
config.status: creating utils_lgpl/deltares_common/Makefile
config.status: creating utils_lgpl/deltares_common/packages/deltares_common/Makefile
config.status: creating utils_lgpl/deltares_common/packages/deltares_common/src/Makefile
config.status: creating utils_lgpl/deltares_common/packages/deltares_common/src/rd_token/Makefile
config.status: creating utils_lgpl/deltares_common/packages/deltares_common_c/include/Makefile
config.status: creating utils_lgpl/deltares_common/packages/deltares_common_c/Makefile
config.status: creating utils_lgpl/deltares_common/packages/deltares_common_c/src/Makefile
config.status: creating utils_lgpl/deltares_common/packages/Makefile
config.status: creating utils_lgpl/deltares_common/tests/Makefile
config.status: creating utils_lgpl/deltares_common/tests/09_system_info/Makefile
config.status: creating utils_lgpl/ec_module/Makefile
config.status: creating utils_lgpl/ec_module/packages/ec_module/Makefile
config.status: creating utils_lgpl/ec_module/packages/ec_module/src/Makefile
config.status: creating utils_lgpl/ec_module/packages/ec_module/src/ectest/Makefile
config.status: creating utils_lgpl/ec_module/packages/ec_module/src/meteo/Makefile
config.status: creating utils_lgpl/ec_module/packages/Makefile
config.status: creating utils_lgpl/esmfsm/Makefile
config.status: creating utils_lgpl/esmfsm/packages/esmfsm/Makefile
config.status: creating utils_lgpl/esmfsm/packages/esmfsm/src/fsm/Makefile
config.status: creating utils_lgpl/esmfsm/packages/esmfsm/src/Makefile
config.status: creating utils_lgpl/esmfsm/packages/esmfsm_c/Makefile
config.status: creating utils_lgpl/esmfsm/packages/esmfsm_c/src/esm/Makefile
config.status: creating utils_lgpl/esmfsm/packages/esmfsm_c/src/fsm/Makefile
config.status: creating utils_lgpl/esmfsm/packages/esmfsm_c/src/Makefile
config.status: creating utils_lgpl/esmfsm/packages/esmfsm_version_number/Makefile
config.status: creating utils_lgpl/esmfsm/packages/esmfsm_version_number/src/Makefile
config.status: creating utils_lgpl/esmfsm/packages/Makefile
config.status: creating utils_lgpl/esmfsm/tests/allocate_local/Makefile
config.status: creating utils_lgpl/esmfsm/tests/esm_create/Makefile
config.status: creating utils_lgpl/esmfsm/tests/esm_delete/Makefile
config.status: creating utils_lgpl/esmfsm/tests/esm_info/Makefile
config.status: creating utils_lgpl/esmfsm/tests/Makefile
config.status: creating utils_lgpl/esmfsm/tests/test_01/Makefile
config.status: creating utils_lgpl/esmfsm/tests/test_02/Makefile
config.status: creating utils_lgpl/esmfsm/tests/test_03/Makefile
config.status: creating utils_lgpl/esmfsm/tests/testesm/Makefile
config.status: creating utils_lgpl/esmfsm/tests/testfill/Makefile
config.status: creating utils_lgpl/esmfsm/tests/testfsm/Makefile
config.status: creating utils_lgpl/ftnunit/Makefile
config.status: creating utils_lgpl/ftnunit/packages/ftnunit/Makefile
config.status: creating utils_lgpl/ftnunit/packages/ftnunit/src/Makefile
config.status: creating utils_lgpl/ftnunit/packages/Makefile
config.status: creating utils_lgpl/Makefile
config.status: creating utils_lgpl/nefis/Makefile
config.status: creating utils_lgpl/nefis/packages/Makefile
config.status: creating utils_lgpl/nefis/packages/nefis/Makefile
config.status: creating utils_lgpl/nefis/packages/nefis/src/Makefile
config.status: creating utils_lgpl/nefis/packages/nefis/src_so/Makefile
config.status: creating utils_lgpl/nefis/tests/demo_00/Makefile
config.status: creating utils_lgpl/nefis/tests/demo_01/Makefile
config.status: creating utils_lgpl/nefis/tests/demo_02/Makefile
config.status: creating utils_lgpl/nefis/tests/Makefile
config.status: creating utils_lgpl/nefis/tests/observations/Makefile
config.status: creating utils_lgpl/nefis/tests/test_00/Makefile
config.status: creating utils_lgpl/nefis/tests/test_01/Makefile
config.status: creating utils_lgpl/nefis/tests/test_02/Makefile
config.status: creating utils_lgpl/nefis/tests/test_03/Makefile
config.status: creating utils_lgpl/nefis/tests/test_04/Makefile
config.status: creating utils_lgpl/nefis/tests/test_05/Makefile
config.status: creating utils_lgpl/nefis/tests/test_06/Makefile
config.status: creating utils_lgpl/nefis/tests/test_07/Makefile
config.status: creating utils_lgpl/nefis/tests/test_08/Makefile
config.status: creating utils_lgpl/nefis/tests/test_09/Makefile
config.status: creating utils_lgpl/nefis/tests/test_10/Makefile
config.status: creating utils_lgpl/nefis/tests/test_11/Makefile
config.status: creating utils_lgpl/nefis/tests/test_12/Makefile
config.status: creating utils_lgpl/nefis/tests/test_13/Makefile
config.status: creating utils_lgpl/nefis/tests/test_14/Makefile
config.status: creating utils_lgpl/nefis/tests/test_15/Makefile
config.status: creating utils_lgpl/nefis/tests/test_16/Makefile
config.status: creating utils_lgpl/nefis/tests/test_17/Makefile
config.status: creating utils_lgpl/nefis/tests/test_18/Makefile
config.status: creating utils_lgpl/nefis/tests/test_19/Makefile
config.status: creating utils_lgpl/nefis/tests/test_20/Makefile
config.status: creating utils_lgpl/ods/packages/ods/src/Makefile
config.status: creating config.h
config.status: executing depfiles commands
config.status: executing libtool commands
