  attr.c
  dim.c
  error.c
  fort-attio.c
c:\users\ccchart\desktop\20160119_tidal_turbines-new\src\third_party_open\netcdf\src\fortran\cfortran.h(164): warning C4005: 'VISUAL_CPLUSPLUS' : macro redefinition
          command-line arguments :  see previous definition of 'VISUAL_CPLUSPLUS'
  fort-control.c
c:\users\ccchart\desktop\20160119_tidal_turbines-new\src\third_party_open\netcdf\src\fortran\cfortran.h(164): warning C4005: 'VISUAL_CPLUSPLUS' : macro redefinition
          command-line arguments :  see previous definition of 'VISUAL_CPLUSPLUS'
  fort-dim.c
c:\users\ccchart\desktop\20160119_tidal_turbines-new\src\third_party_open\netcdf\src\fortran\cfortran.h(164): warning C4005: 'VISUAL_CPLUSPLUS' : macro redefinition
          command-line arguments :  see previous definition of 'VISUAL_CPLUSPLUS'
  fort-genatt.c
c:\users\ccchart\desktop\20160119_tidal_turbines-new\src\third_party_open\netcdf\src\fortran\cfortran.h(164): warning C4005: 'VISUAL_CPLUSPLUS' : macro redefinition
          command-line arguments :  see previous definition of 'VISUAL_CPLUSPLUS'
  fort-geninq.c
c:\users\ccchart\desktop\20160119_tidal_turbines-new\src\third_party_open\netcdf\src\fortran\cfortran.h(164): warning C4005: 'VISUAL_CPLUSPLUS' : macro redefinition
          command-line arguments :  see previous definition of 'VISUAL_CPLUSPLUS'
  fort-genvar.c
c:\users\ccchart\desktop\20160119_tidal_turbines-new\src\third_party_open\netcdf\src\fortran\cfortran.h(164): warning C4005: 'VISUAL_CPLUSPLUS' : macro redefinition
          command-line arguments :  see previous definition of 'VISUAL_CPLUSPLUS'
  fort-lib.c
c:\users\ccchart\desktop\20160119_tidal_turbines-new\src\third_party_open\netcdf\src\fortran\cfortran.h(164): warning C4005: 'VISUAL_CPLUSPLUS' : macro redefinition
          command-line arguments :  see previous definition of 'VISUAL_CPLUSPLUS'
  fort-misc.c
c:\users\ccchart\desktop\20160119_tidal_turbines-new\src\third_party_open\netcdf\src\fortran\cfortran.h(164): warning C4005: 'VISUAL_CPLUSPLUS' : macro redefinition
          command-line arguments :  see previous definition of 'VISUAL_CPLUSPLUS'
  fort-v2compat.c
c:\users\ccchart\desktop\20160119_tidal_turbines-new\src\third_party_open\netcdf\src\fortran\cfortran.h(164): warning C4005: 'VISUAL_CPLUSPLUS' : macro redefinition
          command-line arguments :  see previous definition of 'VISUAL_CPLUSPLUS'
  fort-var1io.c
c:\users\ccchart\desktop\20160119_tidal_turbines-new\src\third_party_open\netcdf\src\fortran\cfortran.h(164): warning C4005: 'VISUAL_CPLUSPLUS' : macro redefinition
          command-line arguments :  see previous definition of 'VISUAL_CPLUSPLUS'
  fort-varaio.c
c:\users\ccchart\desktop\20160119_tidal_turbines-new\src\third_party_open\netcdf\src\fortran\cfortran.h(164): warning C4005: 'VISUAL_CPLUSPLUS' : macro redefinition
          command-line arguments :  see previous definition of 'VISUAL_CPLUSPLUS'
  fort-vario.c
c:\users\ccchart\desktop\20160119_tidal_turbines-new\src\third_party_open\netcdf\src\fortran\cfortran.h(164): warning C4005: 'VISUAL_CPLUSPLUS' : macro redefinition
          command-line arguments :  see previous definition of 'VISUAL_CPLUSPLUS'
  fort-varmio.c
c:\users\ccchart\desktop\20160119_tidal_turbines-new\src\third_party_open\netcdf\src\fortran\cfortran.h(164): warning C4005: 'VISUAL_CPLUSPLUS' : macro redefinition
          command-line arguments :  see previous definition of 'VISUAL_CPLUSPLUS'
  fort-varsio.c
c:\users\ccchart\desktop\20160119_tidal_turbines-new\src\third_party_open\netcdf\src\fortran\cfortran.h(164): warning C4005: 'VISUAL_CPLUSPLUS' : macro redefinition
          command-line arguments :  see previous definition of 'VISUAL_CPLUSPLUS'
  libvers.c
  nc.c
  ncx.c
  Generating Code...
  Compiling...
  posixio.c
  putget.c
  string.c
  v1hpg.c
  v2i.c
  var.c
  Generating Code...
  netcdf.cpp
  stdafx.cpp
  Generating Code...
     Creating library Release\netcdf.lib and object Release\netcdf.exp
  netcdf.vcxproj -> C:\Users\ccchart\Desktop\20160119_tidal_turbines-new\src\third_party_open\netcdf\src\win32\2005\libsrc\Release\netcdf.dll
