  Generating version number in '..\flow2d3d\include\flow2d3d_version.h' ...
  svn: E155036: The working copy at 'C:\Users\ccchart\Desktop\20160119_tidal_turbines-new\src\engines_gpl\flow2d3d'
  is too old (format 10) to work with client version '1.8.3 (r1516576)' (expects format 31). You need to upgrade the working copy first.
  
  svn: E155036: Working copy 'C:\Users\ccchart\Desktop\20160119_tidal_turbines-new\src\engines_gpl\flow2d3d' is too old (format 10, created by Subversion 1.6)
  ..\..\..\..\scripts_lgpl\win32\update_version.cmd: 000000
  ..\..\..\..\scripts_lgpl\win32\update_version.cmd: Regenerating existing file '..\flow2d3d\include\flow2d3d_version.h'.
  Generating version number in '.\include\flow2d3d_openda_version.h' ...
  svn: E155036: The working copy at 'C:\Users\ccchart\Desktop\20160119_tidal_turbines-new\src\engines_gpl\flow2d3d\packages\flow2d3d_openda'
  is too old (format 10) to work with client version '1.8.3 (r1516576)' (expects format 31). You need to upgrade the working copy first.
  
  svn: E155036: Working copy 'C:\Users\ccchart\Desktop\20160119_tidal_turbines-new\src\engines_gpl\flow2d3d\packages\flow2d3d_openda' is too old (format 10, created by Subversion 1.6)
  ..\..\..\..\scripts_lgpl\win32\update_version.cmd: 000000
  ..\..\..\..\scripts_lgpl\win32\update_version.cmd: Regenerating existing file '.\include\flow2d3d_openda_version.h'.
  flow2d3d_version.cpp
..\flow2d3d\src\flow2d3d_version.cpp(57): warning C4996: 'strncpy': This function or variable may be unsafe. Consider using strncpy_s instead. To disable deprecation, use _CRT_SECURE_NO_WARNINGS. See online help for details.
          C:\Program Files (x86)\VC\include\string.h(195) : see declaration of 'strncpy'
..\flow2d3d\src\flow2d3d_version.cpp(65): warning C4996: 'strncpy': This function or variable may be unsafe. Consider using strncpy_s instead. To disable deprecation, use _CRT_SECURE_NO_WARNINGS. See online help for details.
          C:\Program Files (x86)\VC\include\string.h(195) : see declaration of 'strncpy'
..\flow2d3d\src\flow2d3d_version.cpp(73): warning C4996: 'strncpy': This function or variable may be unsafe. Consider using strncpy_s instead. To disable deprecation, use _CRT_SECURE_NO_WARNINGS. See online help for details.
          C:\Program Files (x86)\VC\include\string.h(195) : see declaration of 'strncpy'
..\flow2d3d\src\flow2d3d_version.cpp(81): warning C4996: 'strncpy': This function or variable may be unsafe. Consider using strncpy_s instead. To disable deprecation, use _CRT_SECURE_NO_WARNINGS. See online help for details.
          C:\Program Files (x86)\VC\include\string.h(195) : see declaration of 'strncpy'
..\flow2d3d\src\flow2d3d_version.cpp(89): warning C4996: 'strncpy': This function or variable may be unsafe. Consider using strncpy_s instead. To disable deprecation, use _CRT_SECURE_NO_WARNINGS. See online help for details.
          C:\Program Files (x86)\VC\include\string.h(195) : see declaration of 'strncpy'
..\flow2d3d\src\flow2d3d_version.cpp(97): warning C4996: 'strncpy': This function or variable may be unsafe. Consider using strncpy_s instead. To disable deprecation, use _CRT_SECURE_NO_WARNINGS. See online help for details.
          C:\Program Files (x86)\VC\include\string.h(195) : see declaration of 'strncpy'
  flow2d3d_openda_version.cpp
src\flow2d3d_openda_version.cpp(57): warning C4996: 'strncpy': This function or variable may be unsafe. Consider using strncpy_s instead. To disable deprecation, use _CRT_SECURE_NO_WARNINGS. See online help for details.
          C:\Program Files (x86)\VC\include\string.h(195) : see declaration of 'strncpy'
src\flow2d3d_openda_version.cpp(65): warning C4996: 'strncpy': This function or variable may be unsafe. Consider using strncpy_s instead. To disable deprecation, use _CRT_SECURE_NO_WARNINGS. See online help for details.
          C:\Program Files (x86)\VC\include\string.h(195) : see declaration of 'strncpy'
     Creating library ../../bin/Release\flow2d3d_openda.lib and object ../../bin/Release\flow2d3d_openda.exp
  Generating code
  Finished generating code
  flow2d3d_openda.vcxproj -> C:\Users\ccchart\Desktop\20160119_tidal_turbines-new\src\engines_gpl\flow2d3d\packages\flow2d3d_openda\../../bin/Release\flow2d3d_openda.dll
  oss-install...
  Target directory: ..\bin
  Source          : package/engine flow2d3d_openda
  "installing flow2d3d_openda . . ."
          1 file(s) copied.
  The system cannot find the file specified.
  C:\Users\ccchart\Desktop\20160119_tidal_turbines-new\src\engines_gpl\flow2d3d\scripts\meteo_old2new.m -> C:\Users\ccchart\Desktop\20160119_tidal_turbines-new\bin\win32\flow2d3d\scripts\meteo_old2new.m
  1 File(s) copied
  C:\Users\ccchart\Desktop\20160119_tidal_turbines-new\src\third_party_open\pthreads\bin\win32\pthreadvce.dll -> C:\Users\ccchart\Desktop\20160119_tidal_turbines-new\bin\win32\flow2d3d\bin\pthreadvce.dll
  C:\Users\ccchart\Desktop\20160119_tidal_turbines-new\src\third_party_open\pthreads\bin\win32\pthreadVCE2.dll -> C:\Users\ccchart\Desktop\20160119_tidal_turbines-new\bin\win32\flow2d3d\bin\pthreadVCE2.dll
  2 File(s) copied
  C:\Users\ccchart\Desktop\20160119_tidal_turbines-new\src\third_party_open\mpich2\bin\mpiexec.exe -> C:\Users\ccchart\Desktop\20160119_tidal_turbines-new\bin\win32\flow2d3d\bin\mpiexec.exe
  C:\Users\ccchart\Desktop\20160119_tidal_turbines-new\src\third_party_open\mpich2\bin\smpd.exe -> C:\Users\ccchart\Desktop\20160119_tidal_turbines-new\bin\win32\flow2d3d\bin\smpd.exe
  2 File(s) copied
  C:\Users\ccchart\Desktop\20160119_tidal_turbines-new\src\third_party_open\mpich2\lib\fmpe.dll -> C:\Users\ccchart\Desktop\20160119_tidal_turbines-new\bin\win32\flow2d3d\bin\fmpe.dll
  C:\Users\ccchart\Desktop\20160119_tidal_turbines-new\src\third_party_open\mpich2\lib\fmpich2.dll -> C:\Users\ccchart\Desktop\20160119_tidal_turbines-new\bin\win32\flow2d3d\bin\fmpich2.dll
  C:\Users\ccchart\Desktop\20160119_tidal_turbines-new\src\third_party_open\mpich2\lib\fmpich2g.dll -> C:\Users\ccchart\Desktop\20160119_tidal_turbines-new\bin\win32\flow2d3d\bin\fmpich2g.dll
  C:\Users\ccchart\Desktop\20160119_tidal_turbines-new\src\third_party_open\mpich2\lib\fmpich2s.dll -> C:\Users\ccchart\Desktop\20160119_tidal_turbines-new\bin\win32\flow2d3d\bin\fmpich2s.dll
  C:\Users\ccchart\Desktop\20160119_tidal_turbines-new\src\third_party_open\mpich2\lib\mpe.dll -> C:\Users\ccchart\Desktop\20160119_tidal_turbines-new\bin\win32\flow2d3d\bin\mpe.dll
  C:\Users\ccchart\Desktop\20160119_tidal_turbines-new\src\third_party_open\mpich2\lib\mpich2.dll -> C:\Users\ccchart\Desktop\20160119_tidal_turbines-new\bin\win32\flow2d3d\bin\mpich2.dll
  C:\Users\ccchart\Desktop\20160119_tidal_turbines-new\src\third_party_open\mpich2\lib\mpich2mpe.dll -> C:\Users\ccchart\Desktop\20160119_tidal_turbines-new\bin\win32\flow2d3d\bin\mpich2mpe.dll
  C:\Users\ccchart\Desktop\20160119_tidal_turbines-new\src\third_party_open\mpich2\lib\mpich2mpi.dll -> C:\Users\ccchart\Desktop\20160119_tidal_turbines-new\bin\win32\flow2d3d\bin\mpich2mpi.dll
  C:\Users\ccchart\Desktop\20160119_tidal_turbines-new\src\third_party_open\mpich2\lib\mpich2mt.dll -> C:\Users\ccchart\Desktop\20160119_tidal_turbines-new\bin\win32\flow2d3d\bin\mpich2mt.dll
  C:\Users\ccchart\Desktop\20160119_tidal_turbines-new\src\third_party_open\mpich2\lib\mpich2mtp.dll -> C:\Users\ccchart\Desktop\20160119_tidal_turbines-new\bin\win32\flow2d3d\bin\mpich2mtp.dll
  C:\Users\ccchart\Desktop\20160119_tidal_turbines-new\src\third_party_open\mpich2\lib\mpich2p.dll -> C:\Users\ccchart\Desktop\20160119_tidal_turbines-new\bin\win32\flow2d3d\bin\mpich2p.dll
  C:\Users\ccchart\Desktop\20160119_tidal_turbines-new\src\third_party_open\mpich2\lib\mpich2shm.dll -> C:\Users\ccchart\Desktop\20160119_tidal_turbines-new\bin\win32\flow2d3d\bin\mpich2shm.dll
  C:\Users\ccchart\Desktop\20160119_tidal_turbines-new\src\third_party_open\mpich2\lib\mpich2shmp.dll -> C:\Users\ccchart\Desktop\20160119_tidal_turbines-new\bin\win32\flow2d3d\bin\mpich2shmp.dll
  C:\Users\ccchart\Desktop\20160119_tidal_turbines-new\src\third_party_open\mpich2\lib\mpich2ssm.dll -> C:\Users\ccchart\Desktop\20160119_tidal_turbines-new\bin\win32\flow2d3d\bin\mpich2ssm.dll
  C:\Users\ccchart\Desktop\20160119_tidal_turbines-new\src\third_party_open\mpich2\lib\mpich2ssmp.dll -> C:\Users\ccchart\Desktop\20160119_tidal_turbines-new\bin\win32\flow2d3d\bin\mpich2ssmp.dll
  15 File(s) copied
  C:\Users\ccchart\Desktop\20160119_tidal_turbines-new\src\third_party_open\expat\win32\bin\Release\libexpat.dll -> C:\Users\ccchart\Desktop\20160119_tidal_turbines-new\bin\win32\flow2d3d\bin\libexpat.dll
  1 File(s) copied
  0 File(s) copied
  File not found - netcdf.dll
  File not found - *.dll
  0 File(s) copied
  C:\Users\ccchart\Desktop\20160119_tidal_turbines-new\src\engines_gpl\flow2d3d\default\dioconfig.ini -> C:\Users\ccchart\Desktop\20160119_tidal_turbines-new\bin\win32\flow2d3d\default\dioconfig.ini
  C:\Users\ccchart\Desktop\20160119_tidal_turbines-new\src\engines_gpl\flow2d3d\default\files.def -> C:\Users\ccchart\Desktop\20160119_tidal_turbines-new\bin\win32\flow2d3d\default\files.def
  C:\Users\ccchart\Desktop\20160119_tidal_turbines-new\src\engines_gpl\flow2d3d\default\tabmom -> C:\Users\ccchart\Desktop\20160119_tidal_turbines-new\bin\win32\flow2d3d\default\tabmom
  3 File(s) copied
  C:\Users\ccchart\Desktop\20160119_tidal_turbines-new\src\utils_lgpl\delftonline\lib\Release\dynamic\delftonline.dll -> C:\Users\ccchart\Desktop\20160119_tidal_turbines-new\bin\win32\flow2d3d\bin\delftonline.dll
  1 File(s) copied
  C:\Users\ccchart\Desktop\20160119_tidal_turbines-new\src\utils_lgpl\delftonline\lib\Release\dynamic\delftonline.dll -> C:\Users\ccchart\Desktop\20160119_tidal_turbines-new\bin\win32\plugins\bin\delftonline.dll
  1 File(s) copied
  C:\Users\ccchart\Desktop\20160119_tidal_turbines-new\src\third_party_open\netcdf\src\win32\2005\libsrc\Release\netcdf.dll -> C:\Users\ccchart\Desktop\20160119_tidal_turbines-new\bin\win32\flow2d3d\bin\netcdf.dll
  1 File(s) copied
  C:\Program Files (x86)\Intel\Composer XE 2015\redist\ia32\compiler\cilkrts20.dll -> C:\Users\ccchart\Desktop\20160119_tidal_turbines-new\bin\win32\flow2d3d\bin\cilkrts20.dll
  C:\Program Files (x86)\Intel\Composer XE 2015\redist\ia32\compiler\ifdlg100.dll -> C:\Users\ccchart\Desktop\20160119_tidal_turbines-new\bin\win32\flow2d3d\bin\ifdlg100.dll
  C:\Program Files (x86)\Intel\Composer XE 2015\redist\ia32\compiler\libchkp.dll -> C:\Users\ccchart\Desktop\20160119_tidal_turbines-new\bin\win32\flow2d3d\bin\libchkp.dll
  C:\Program Files (x86)\Intel\Composer XE 2015\redist\ia32\compiler\libgfxoffload.dll -> C:\Users\ccchart\Desktop\20160119_tidal_turbines-new\bin\win32\flow2d3d\bin\libgfxoffload.dll
  C:\Program Files (x86)\Intel\Composer XE 2015\redist\ia32\compiler\libicaf.dll -> C:\Users\ccchart\Desktop\20160119_tidal_turbines-new\bin\win32\flow2d3d\bin\libicaf.dll
  C:\Program Files (x86)\Intel\Composer XE 2015\redist\ia32\compiler\libifcoremd.dll -> C:\Users\ccchart\Desktop\20160119_tidal_turbines-new\bin\win32\flow2d3d\bin\libifcoremd.dll
  C:\Program Files (x86)\Intel\Composer XE 2015\redist\ia32\compiler\libifcoremdd.dll -> C:\Users\ccchart\Desktop\20160119_tidal_turbines-new\bin\win32\flow2d3d\bin\libifcoremdd.dll
  C:\Program Files (x86)\Intel\Composer XE 2015\redist\ia32\compiler\libifcorert.dll -> C:\Users\ccchart\Desktop\20160119_tidal_turbines-new\bin\win32\flow2d3d\bin\libifcorert.dll
  C:\Program Files (x86)\Intel\Composer XE 2015\redist\ia32\compiler\libifcorertd.dll -> C:\Users\ccchart\Desktop\20160119_tidal_turbines-new\bin\win32\flow2d3d\bin\libifcorertd.dll
  C:\Program Files (x86)\Intel\Composer XE 2015\redist\ia32\compiler\libifportmd.dll -> C:\Users\ccchart\Desktop\20160119_tidal_turbines-new\bin\win32\flow2d3d\bin\libifportmd.dll
  C:\Program Files (x86)\Intel\Composer XE 2015\redist\ia32\compiler\libiomp5md.dll -> C:\Users\ccchart\Desktop\20160119_tidal_turbines-new\bin\win32\flow2d3d\bin\libiomp5md.dll
  C:\Program Files (x86)\Intel\Composer XE 2015\redist\ia32\compiler\libiompstubs5md.dll -> C:\Users\ccchart\Desktop\20160119_tidal_turbines-new\bin\win32\flow2d3d\bin\libiompstubs5md.dll
  C:\Program Files (x86)\Intel\Composer XE 2015\redist\ia32\compiler\libmmd.dll -> C:\Users\ccchart\Desktop\20160119_tidal_turbines-new\bin\win32\flow2d3d\bin\libmmd.dll
  C:\Program Files (x86)\Intel\Composer XE 2015\redist\ia32\compiler\libmmdd.dll -> C:\Users\ccchart\Desktop\20160119_tidal_turbines-new\bin\win32\flow2d3d\bin\libmmdd.dll
  C:\Program Files (x86)\Intel\Composer XE 2015\redist\ia32\compiler\svml_dispmd.dll -> C:\Users\ccchart\Desktop\20160119_tidal_turbines-new\bin\win32\flow2d3d\bin\svml_dispmd.dll
  15 File(s) copied
