  Generating version number in '.\delftonline_version.h' ...
  svn: E155036: The working copy at 'C:\Users\ccchart\Desktop\20160119_tidal_turbines-new\src\utils_lgpl\delftonline\src\delftonline'
  is too old (format 10) to work with client version '1.8.3 (r1516576)' (expects format 31). You need to upgrade the working copy first.
  
  svn: E155036: Working copy 'C:\Users\ccchart\Desktop\20160119_tidal_turbines-new\src\utils_lgpl\delftonline\src\delftonline' is too old (format 10, created by Subversion 1.6)
  ..\..\..\..\scripts_lgpl\win32\update_version.cmd: 000000
  ..\..\..\..\scripts_lgpl\win32\update_version.cmd: Regenerating existing file '.\delftonline_version.h'.
  arrayshape.cpp
arrayshape.cpp(54): warning C4996: 'sprintf': This function or variable may be unsafe. Consider using sprintf_s instead. To disable deprecation, use _CRT_SECURE_NO_WARNINGS. See online help for details.
          C:\Program Files (x86)\VC\include\stdio.h(356) : see declaration of 'sprintf'
arrayshape.cpp(220): warning C4996: 'strcpy': This function or variable may be unsafe. Consider using strcpy_s instead. To disable deprecation, use _CRT_SECURE_NO_WARNINGS. See online help for details.
          C:\Program Files (x86)\VC\include\string.h(112) : see declaration of 'strcpy'
  barrier.cpp
barrier.cpp(50): warning C4996: 'strerror': This function or variable may be unsafe. Consider using strerror_s instead. To disable deprecation, use _CRT_SECURE_NO_WARNINGS. See online help for details.
          C:\Program Files (x86)\VC\include\string.h(168) : see declaration of 'strerror'
barrier.cpp(52): warning C4996: 'strerror': This function or variable may be unsafe. Consider using strerror_s instead. To disable deprecation, use _CRT_SECURE_NO_WARNINGS. See online help for details.
          C:\Program Files (x86)\VC\include\string.h(168) : see declaration of 'strerror'
barrier.cpp(71): warning C4996: 'strerror': This function or variable may be unsafe. Consider using strerror_s instead. To disable deprecation, use _CRT_SECURE_NO_WARNINGS. See online help for details.
          C:\Program Files (x86)\VC\include\string.h(168) : see declaration of 'strerror'
barrier.cpp(76): warning C4996: 'strerror': This function or variable may be unsafe. Consider using strerror_s instead. To disable deprecation, use _CRT_SECURE_NO_WARNINGS. See online help for details.
          C:\Program Files (x86)\VC\include\string.h(168) : see declaration of 'strerror'
barrier.cpp(84): warning C4996: 'strerror': This function or variable may be unsafe. Consider using strerror_s instead. To disable deprecation, use _CRT_SECURE_NO_WARNINGS. See online help for details.
          C:\Program Files (x86)\VC\include\string.h(168) : see declaration of 'strerror'
barrier.cpp(88): warning C4996: 'strerror': This function or variable may be unsafe. Consider using strerror_s instead. To disable deprecation, use _CRT_SECURE_NO_WARNINGS. See online help for details.
          C:\Program Files (x86)\VC\include\string.h(168) : see declaration of 'strerror'
  client.cpp
client.cpp(119): warning C4996: 'strerror': This function or variable may be unsafe. Consider using strerror_s instead. To disable deprecation, use _CRT_SECURE_NO_WARNINGS. See online help for details.
          C:\Program Files (x86)\VC\include\string.h(168) : see declaration of 'strerror'
client.cpp(123): warning C4996: 'strerror': This function or variable may be unsafe. Consider using strerror_s instead. To disable deprecation, use _CRT_SECURE_NO_WARNINGS. See online help for details.
          C:\Program Files (x86)\VC\include\string.h(168) : see declaration of 'strerror'
client.cpp(397): warning C4800: 'int' : forcing value to bool 'true' or 'false' (performance warning)
client.cpp(492): warning C4996: 'strcpy': This function or variable may be unsafe. Consider using strcpy_s instead. To disable deprecation, use _CRT_SECURE_NO_WARNINGS. See online help for details.
          C:\Program Files (x86)\VC\include\string.h(112) : see declaration of 'strcpy'
client.cpp(528): warning C4800: 'int' : forcing value to bool 'true' or 'false' (performance warning)
client.cpp(567): warning C4800: 'int' : forcing value to bool 'true' or 'false' (performance warning)
  clock.cpp
clock.cpp(124): warning C4996: 'sprintf': This function or variable may be unsafe. Consider using sprintf_s instead. To disable deprecation, use _CRT_SECURE_NO_WARNINGS. See online help for details.
          C:\Program Files (x86)\VC\include\stdio.h(356) : see declaration of 'sprintf'
  connection.cpp
connection.cpp(81): warning C4996: 'sprintf': This function or variable may be unsafe. Consider using sprintf_s instead. To disable deprecation, use _CRT_SECURE_NO_WARNINGS. See online help for details.
          C:\Program Files (x86)\VC\include\stdio.h(356) : see declaration of 'sprintf'
connection.cpp(86): warning C4996: 'strerror': This function or variable may be unsafe. Consider using strerror_s instead. To disable deprecation, use _CRT_SECURE_NO_WARNINGS. See online help for details.
          C:\Program Files (x86)\VC\include\string.h(168) : see declaration of 'strerror'
connection.cpp(88): warning C4996: 'strerror': This function or variable may be unsafe. Consider using strerror_s instead. To disable deprecation, use _CRT_SECURE_NO_WARNINGS. See online help for details.
          C:\Program Files (x86)\VC\include\string.h(168) : see declaration of 'strerror'
connection.cpp(142): warning C4996: 'sprintf': This function or variable may be unsafe. Consider using sprintf_s instead. To disable deprecation, use _CRT_SECURE_NO_WARNINGS. See online help for details.
          C:\Program Files (x86)\VC\include\stdio.h(356) : see declaration of 'sprintf'
  dataelement.cpp
dataelement.cpp(59): warning C4996: 'sprintf': This function or variable may be unsafe. Consider using sprintf_s instead. To disable deprecation, use _CRT_SECURE_NO_WARNINGS. See online help for details.
          C:\Program Files (x86)\VC\include\stdio.h(356) : see declaration of 'sprintf'
dataelement.cpp(259): warning C4996: 'strcpy': This function or variable may be unsafe. Consider using strcpy_s instead. To disable deprecation, use _CRT_SECURE_NO_WARNINGS. See online help for details.
          C:\Program Files (x86)\VC\include\string.h(112) : see declaration of 'strcpy'
dataelement.cpp(260): warning C4996: 'strcpy': This function or variable may be unsafe. Consider using strcpy_s instead. To disable deprecation, use _CRT_SECURE_NO_WARNINGS. See online help for details.
          C:\Program Files (x86)\VC\include\string.h(112) : see declaration of 'strcpy'
dataelement.cpp(261): warning C4996: 'strcpy': This function or variable may be unsafe. Consider using strcpy_s instead. To disable deprecation, use _CRT_SECURE_NO_WARNINGS. See online help for details.
          C:\Program Files (x86)\VC\include\string.h(112) : see declaration of 'strcpy'
dataelement.cpp(262): warning C4996: 'strcpy': This function or variable may be unsafe. Consider using strcpy_s instead. To disable deprecation, use _CRT_SECURE_NO_WARNINGS. See online help for details.
          C:\Program Files (x86)\VC\include\string.h(112) : see declaration of 'strcpy'
dataelement.cpp(297): warning C4800: 'char' : forcing value to bool 'true' or 'false' (performance warning)
  delftonline_version.cpp
  dictionary.cpp
dictionary.cpp(59): warning C4996: 'sprintf': This function or variable may be unsafe. Consider using sprintf_s instead. To disable deprecation, use _CRT_SECURE_NO_WARNINGS. See online help for details.
          C:\Program Files (x86)\VC\include\stdio.h(356) : see declaration of 'sprintf'
dictionary.cpp(85): warning C4996: 'strcpy': This function or variable may be unsafe. Consider using strcpy_s instead. To disable deprecation, use _CRT_SECURE_NO_WARNINGS. See online help for details.
          C:\Program Files (x86)\VC\include\string.h(112) : see declaration of 'strcpy'
  directory.cpp
directory.cpp(170): warning C4996: 'sprintf': This function or variable may be unsafe. Consider using sprintf_s instead. To disable deprecation, use _CRT_SECURE_NO_WARNINGS. See online help for details.
          C:\Program Files (x86)\VC\include\stdio.h(356) : see declaration of 'sprintf'
directory.cpp(256): warning C4996: 'strcpy': This function or variable may be unsafe. Consider using strcpy_s instead. To disable deprecation, use _CRT_SECURE_NO_WARNINGS. See online help for details.
          C:\Program Files (x86)\VC\include\string.h(112) : see declaration of 'strcpy'
directory.cpp(261): warning C4996: 'strcpy': This function or variable may be unsafe. Consider using strcpy_s instead. To disable deprecation, use _CRT_SECURE_NO_WARNINGS. See online help for details.
          C:\Program Files (x86)\VC\include\string.h(112) : see declaration of 'strcpy'
directory.cpp(266): warning C4996: 'strcpy': This function or variable may be unsafe. Consider using strcpy_s instead. To disable deprecation, use _CRT_SECURE_NO_WARNINGS. See online help for details.
          C:\Program Files (x86)\VC\include\string.h(112) : see declaration of 'strcpy'
directory.cpp(271): warning C4996: 'strcpy': This function or variable may be unsafe. Consider using strcpy_s instead. To disable deprecation, use _CRT_SECURE_NO_WARNINGS. See online help for details.
          C:\Program Files (x86)\VC\include\string.h(112) : see declaration of 'strcpy'
directory.cpp(276): warning C4996: 'strcpy': This function or variable may be unsafe. Consider using strcpy_s instead. To disable deprecation, use _CRT_SECURE_NO_WARNINGS. See online help for details.
          C:\Program Files (x86)\VC\include\string.h(112) : see declaration of 'strcpy'
  exception.cpp
exception.cpp(59): warning C4996: 'vsnprintf': This function or variable may be unsafe. Consider using vsnprintf_s instead. To disable deprecation, use _CRT_SECURE_NO_WARNINGS. See online help for details.
          C:\Program Files (x86)\VC\include\stdio.h(337) : see declaration of 'vsnprintf'
exception.cpp(63): warning C4996: 'strcpy': This function or variable may be unsafe. Consider using strcpy_s instead. To disable deprecation, use _CRT_SECURE_NO_WARNINGS. See online help for details.
          C:\Program Files (x86)\VC\include\string.h(112) : see declaration of 'strcpy'
  function.cpp
function.cpp(55): warning C4996: 'sprintf': This function or variable may be unsafe. Consider using sprintf_s instead. To disable deprecation, use _CRT_SECURE_NO_WARNINGS. See online help for details.
          C:\Program Files (x86)\VC\include\stdio.h(356) : see declaration of 'sprintf'
function.cpp(260): warning C4996: 'strcpy': This function or variable may be unsafe. Consider using strcpy_s instead. To disable deprecation, use _CRT_SECURE_NO_WARNINGS. See online help for details.
          C:\Program Files (x86)\VC\include\string.h(112) : see declaration of 'strcpy'
function.cpp(261): warning C4996: 'strcpy': This function or variable may be unsafe. Consider using strcpy_s instead. To disable deprecation, use _CRT_SECURE_NO_WARNINGS. See online help for details.
          C:\Program Files (x86)\VC\include\string.h(112) : see declaration of 'strcpy'
  linkedlist.cpp
  log.cpp
log.cpp(58): warning C4996: 'strerror': This function or variable may be unsafe. Consider using strerror_s instead. To disable deprecation, use _CRT_SECURE_NO_WARNINGS. See online help for details.
          C:\Program Files (x86)\VC\include\string.h(168) : see declaration of 'strerror'
log.cpp(60): warning C4996: 'strerror': This function or variable may be unsafe. Consider using strerror_s instead. To disable deprecation, use _CRT_SECURE_NO_WARNINGS. See online help for details.
          C:\Program Files (x86)\VC\include\string.h(168) : see declaration of 'strerror'
log.cpp(82): warning C4996: 'strerror': This function or variable may be unsafe. Consider using strerror_s instead. To disable deprecation, use _CRT_SECURE_NO_WARNINGS. See online help for details.
          C:\Program Files (x86)\VC\include\string.h(168) : see declaration of 'strerror'
log.cpp(98): warning C4996: 'strerror': This function or variable may be unsafe. Consider using strerror_s instead. To disable deprecation, use _CRT_SECURE_NO_WARNINGS. See online help for details.
          C:\Program Files (x86)\VC\include\string.h(168) : see declaration of 'strerror'
log.cpp(127): warning C4996: 'vsnprintf': This function or variable may be unsafe. Consider using vsnprintf_s instead. To disable deprecation, use _CRT_SECURE_NO_WARNINGS. See online help for details.
          C:\Program Files (x86)\VC\include\stdio.h(337) : see declaration of 'vsnprintf'
  print.cpp
print.cpp(68): warning C4996: 'strcpy': This function or variable may be unsafe. Consider using strcpy_s instead. To disable deprecation, use _CRT_SECURE_NO_WARNINGS. See online help for details.
          C:\Program Files (x86)\VC\include\string.h(112) : see declaration of 'strcpy'
print.cpp(100): warning C4996: 'sprintf': This function or variable may be unsafe. Consider using sprintf_s instead. To disable deprecation, use _CRT_SECURE_NO_WARNINGS. See online help for details.
          C:\Program Files (x86)\VC\include\stdio.h(356) : see declaration of 'sprintf'
print.cpp(103): warning C4996: 'sprintf': This function or variable may be unsafe. Consider using sprintf_s instead. To disable deprecation, use _CRT_SECURE_NO_WARNINGS. See online help for details.
          C:\Program Files (x86)\VC\include\stdio.h(356) : see declaration of 'sprintf'
print.cpp(107): warning C4996: 'sprintf': This function or variable may be unsafe. Consider using sprintf_s instead. To disable deprecation, use _CRT_SECURE_NO_WARNINGS. See online help for details.
          C:\Program Files (x86)\VC\include\stdio.h(356) : see declaration of 'sprintf'
print.cpp(149): warning C4996: 'sprintf': This function or variable may be unsafe. Consider using sprintf_s instead. To disable deprecation, use _CRT_SECURE_NO_WARNINGS. See online help for details.
          C:\Program Files (x86)\VC\include\stdio.h(356) : see declaration of 'sprintf'
print.cpp(155): warning C4996: 'sprintf': This function or variable may be unsafe. Consider using sprintf_s instead. To disable deprecation, use _CRT_SECURE_NO_WARNINGS. See online help for details.
          C:\Program Files (x86)\VC\include\stdio.h(356) : see declaration of 'sprintf'
print.cpp(164): warning C4996: 'sprintf': This function or variable may be unsafe. Consider using sprintf_s instead. To disable deprecation, use _CRT_SECURE_NO_WARNINGS. See online help for details.
          C:\Program Files (x86)\VC\include\stdio.h(356) : see declaration of 'sprintf'
print.cpp(190): warning C4996: 'sprintf': This function or variable may be unsafe. Consider using sprintf_s instead. To disable deprecation, use _CRT_SECURE_NO_WARNINGS. See online help for details.
          C:\Program Files (x86)\VC\include\stdio.h(356) : see declaration of 'sprintf'
  server.cpp
server.cpp(116): warning C4996: 'fopen': This function or variable may be unsafe. Consider using fopen_s instead. To disable deprecation, use _CRT_SECURE_NO_WARNINGS. See online help for details.
          C:\Program Files (x86)\VC\include\stdio.h(211) : see declaration of 'fopen'
server.cpp(118): warning C4996: 'strerror': This function or variable may be unsafe. Consider using strerror_s instead. To disable deprecation, use _CRT_SECURE_NO_WARNINGS. See online help for details.
          C:\Program Files (x86)\VC\include\string.h(168) : see declaration of 'strerror'
server.cpp(128): warning C4996: 'strerror': This function or variable may be unsafe. Consider using strerror_s instead. To disable deprecation, use _CRT_SECURE_NO_WARNINGS. See online help for details.
          C:\Program Files (x86)\VC\include\string.h(168) : see declaration of 'strerror'
server.cpp(141): warning C4996: 'strerror': This function or variable may be unsafe. Consider using strerror_s instead. To disable deprecation, use _CRT_SECURE_NO_WARNINGS. See online help for details.
          C:\Program Files (x86)\VC\include\string.h(168) : see declaration of 'strerror'
server.cpp(156): warning C4996: 'strerror': This function or variable may be unsafe. Consider using strerror_s instead. To disable deprecation, use _CRT_SECURE_NO_WARNINGS. See online help for details.
          C:\Program Files (x86)\VC\include\string.h(168) : see declaration of 'strerror'
server.cpp(184): warning C4996: 'strerror': This function or variable may be unsafe. Consider using strerror_s instead. To disable deprecation, use _CRT_SECURE_NO_WARNINGS. See online help for details.
          C:\Program Files (x86)\VC\include\string.h(168) : see declaration of 'strerror'
server.cpp(186): warning C4996: 'strerror': This function or variable may be unsafe. Consider using strerror_s instead. To disable deprecation, use _CRT_SECURE_NO_WARNINGS. See online help for details.
          C:\Program Files (x86)\VC\include\string.h(168) : see declaration of 'strerror'
server.cpp(191): warning C4996: 'strerror': This function or variable may be unsafe. Consider using strerror_s instead. To disable deprecation, use _CRT_SECURE_NO_WARNINGS. See online help for details.
          C:\Program Files (x86)\VC\include\string.h(168) : see declaration of 'strerror'
server.cpp(193): warning C4996: 'strerror': This function or variable may be unsafe. Consider using strerror_s instead. To disable deprecation, use _CRT_SECURE_NO_WARNINGS. See online help for details.
          C:\Program Files (x86)\VC\include\string.h(168) : see declaration of 'strerror'
server.cpp(256): warning C4996: 'strerror': This function or variable may be unsafe. Consider using strerror_s instead. To disable deprecation, use _CRT_SECURE_NO_WARNINGS. See online help for details.
          C:\Program Files (x86)\VC\include\string.h(168) : see declaration of 'strerror'
server.cpp(263): warning C4996: 'strerror': This function or variable may be unsafe. Consider using strerror_s instead. To disable deprecation, use _CRT_SECURE_NO_WARNINGS. See online help for details.
          C:\Program Files (x86)\VC\include\string.h(168) : see declaration of 'strerror'
server.cpp(428): warning C4996: 'strerror': This function or variable may be unsafe. Consider using strerror_s instead. To disable deprecation, use _CRT_SECURE_NO_WARNINGS. See online help for details.
          C:\Program Files (x86)\VC\include\string.h(168) : see declaration of 'strerror'
server.cpp(444): warning C4996: 'strerror': This function or variable may be unsafe. Consider using strerror_s instead. To disable deprecation, use _CRT_SECURE_NO_WARNINGS. See online help for details.
          C:\Program Files (x86)\VC\include\string.h(168) : see declaration of 'strerror'
server.cpp(473): warning C4996: 'strerror': This function or variable may be unsafe. Consider using strerror_s instead. To disable deprecation, use _CRT_SECURE_NO_WARNINGS. See online help for details.
          C:\Program Files (x86)\VC\include\string.h(168) : see declaration of 'strerror'
server.cpp(496): warning C4996: 'strerror': This function or variable may be unsafe. Consider using strerror_s instead. To disable deprecation, use _CRT_SECURE_NO_WARNINGS. See online help for details.
          C:\Program Files (x86)\VC\include\string.h(168) : see declaration of 'strerror'
server.cpp(534): warning C4996: 'strerror': This function or variable may be unsafe. Consider using strerror_s instead. To disable deprecation, use _CRT_SECURE_NO_WARNINGS. See online help for details.
          C:\Program Files (x86)\VC\include\string.h(168) : see declaration of 'strerror'
server.cpp(571): warning C4996: 'vsnprintf': This function or variable may be unsafe. Consider using vsnprintf_s instead. To disable deprecation, use _CRT_SECURE_NO_WARNINGS. See online help for details.
          C:\Program Files (x86)\VC\include\stdio.h(337) : see declaration of 'vsnprintf'
server.cpp(604): warning C4996: 'sprintf': This function or variable may be unsafe. Consider using sprintf_s instead. To disable deprecation, use _CRT_SECURE_NO_WARNINGS. See online help for details.
          C:\Program Files (x86)\VC\include\stdio.h(356) : see declaration of 'sprintf'
  sortedbag.cpp
  util.cpp
util.cpp(142): warning C4996: 'strerror': This function or variable may be unsafe. Consider using strerror_s instead. To disable deprecation, use _CRT_SECURE_NO_WARNINGS. See online help for details.
          C:\Program Files (x86)\VC\include\string.h(168) : see declaration of 'strerror'
util.cpp(175): warning C4996: 'strerror': This function or variable may be unsafe. Consider using strerror_s instead. To disable deprecation, use _CRT_SECURE_NO_WARNINGS. See online help for details.
          C:\Program Files (x86)\VC\include\string.h(168) : see declaration of 'strerror'
util.cpp(219): warning C4996: 'sprintf': This function or variable may be unsafe. Consider using sprintf_s instead. To disable deprecation, use _CRT_SECURE_NO_WARNINGS. See online help for details.
          C:\Program Files (x86)\VC\include\stdio.h(356) : see declaration of 'sprintf'
     Creating library ../../lib/Release/dynamic\delftonline.lib and object ../../lib/Release/dynamic\delftonline.exp
  Generating code
  Finished generating code
  delftonline.vcxproj -> C:\Users\ccchart\Desktop\20160119_tidal_turbines-new\src\utils_lgpl\delftonline\src\delftonline\..\..\lib\Release\dynamic\delftonline.dll
